7.8s 1 0.00s - Debugger warning: It seems that frozen modules are being used, which may
7.8s 2 0.00s - make the debugger miss breakpoints. Please pass -Xfrozen_modules=off
7.8s 3 0.00s - to python to disable frozen modules.
7.8s 4 0.00s - Note: Debugging will proceed. Set PYDEVD_DISABLE_FILE_VALIDATION=1 to disable this validation.
8.6s 5 0.00s - Debugger warning: It seems that frozen modules are being used, which may
8.6s 6 0.00s - make the debugger miss breakpoints. Please pass -Xfrozen_modules=off
8.6s 7 0.00s - to python to disable frozen modules.
8.6s 8 0.00s - Note: Debugging will proceed. Set PYDEVD_DISABLE_FILE_VALIDATION=1 to disable this validation.
9.8s 9 Environment: Kaggle Notebook
9.9s 10 ✅ Setup Kaggle selesai. (CPU)
13.3s 11 ✅ Library berhasil dimuat.
13.5s 12 Restoring files dari mbg-training-outputs...
13.5s 13 ✔ phase3_kfold_results.csv
13.5s 14 ✔ test_predictions.csv
13.5s 15 ✔ bert_only_summary.csv
13.5s 16 ✔ bert_only_test_predictions.csv
13.5s 17 ✔ bert_only_fold_details.csv
13.5s 18 ✔ ml_baseline_summary.csv
13.5s 19 ✔ ml_baseline_fold_details.csv
13.5s 20 ✔ svm_test_predictions.csv
13.5s 21 ✔ logisticregression_test_predictions.csv
13.5s 22 ✔ randomforest_test_predictions.csv
13.5s 23 Done.
13.5s 24 ✅ Konfigurasi berhasil dimuat.
13.5s 25 NB03 output : /kaggle/input/datasets/lathifainayah/mbg-training-outputs
13.5s 26 NB04 output : /kaggle/input/datasets/lathifainayah/mbg-training-outputs
13.5s 27 NB05 output : /kaggle/input/datasets/lathifainayah/mbg-training-outputs
13.5s 28 Output dir  : /kaggle/working/comparison_results
13.6s 29 ML baseline dimuat: 3 model
13.6s 30 Kolom: ['model', 'description', 'feature', 'data_condition', 'kfold_f1_macro_mean', 'kfold_f1_macro_std', 'kfold_f1_weighted_mean', 'kfold_accuracy_mean', 'test_accuracy', 'test_precision', 'test_recall', 'test_f1_macro', 'test_f1_weighted', 'f1_positive', 'f1_negative', 'f1_neutral', 'final_train_time_sec', 'kfold_total_time_min']
13.6s 31 BERT-only baseline dimuat: 1 model
13.6s 32 Kolom: ['model', 'architecture', 'data_condition', 'test_accuracy', 'test_precision', 'test_recall', 'test_f1_macro', 'test_f1_weighted', 'f1_positive', 'f1_negative', 'f1_neutral', 'kfold_f1_macro_mean', 'kfold_f1_macro_std', 'lr_bert', 'batch_size', 'weight_decay']
13.6s 33 
13.6s 34 ✅ Kompilasi selesai: 5 model
13.6s 35 
13.6s 36 Rankings berdasarkan F1-Macro test set:
13.6s 37 Rank  Model                          Kategori          F1-Macro   Accuracy
13.6s 38 ───────────────────────────────────────────────────────────────────────────
13.6s 39 1     IndoBERT-only (Baseline DL)    DL Baseline         0.8497     0.8570 ← terbaik
13.6s 40 2     IndoBERT+CNN (Proposed)        Proposed            0.8453     0.8495
13.6s 41 3     SVM                            ML Baseline         0.8267     0.8322
13.6s 42 4     LogisticRegression             ML Baseline         0.8251     0.8284
13.6s 43 5     RandomForest                   ML Baseline         0.7966     0.8006
13.6s 44 ===============================================================================================
13.6s 45 TABEL KOMPARASI MODEL — TEST SET (1.329 data)
13.6s 46 ===============================================================================================
13.6s 47 #   Model                        Kategori            Acc     Prec      Rec   F1-Mac   F1-Wgt
13.6s 48 ───────────────────────────────────────────────────────────────────────────────────────────────
13.6s 49 1   IndoBERT-only (Baseline DL)  DL Baseline      0.8570   0.8562   0.8502   0.8497   0.8549
13.6s 50 2   IndoBERT+CNN (Proposed)      Proposed         0.8495   0.8465   0.8452   0.8453   0.8499 ★
13.6s 51 3   SVM                          ML Baseline      0.8322   0.8280   0.8269   0.8267   0.8313
13.6s 52 4   LogisticRegression           ML Baseline      0.8284   0.8251   0.8284   0.8251   0.8287
13.6s 53 5   RandomForest                 ML Baseline      0.8006   0.7975   0.7995   0.7966   0.8005
13.6s 54 ===============================================================================================
13.6s 55 ★ = Proposed Model
13.6s 56 
13.6s 57 Per-class F1-Score — Test Set
13.6s 58 ===========================================================================
13.6s 59 #   Model                        Kategori         Positive   Negative    Neutral
13.6s 60 ───────────────────────────────────────────────────────────────────────────
13.6s 61 1   IndoBERT-only (Baseline DL)  DL Baseline        0.8946     0.8715     0.7831
13.6s 62 2   IndoBERT+CNN (Proposed)      Proposed           0.8889     0.8501     0.7970
13.6s 63 3   SVM                          ML Baseline        0.8658     0.8482     0.7661
13.6s 64 4   LogisticRegression           ML Baseline        0.8560     0.8416     0.7778
13.6s 65 5   RandomForest                 ML Baseline        0.8299     0.8143     0.7457
13.6s 66 ===========================================================================
13.6s 67 
13.6s 68 K-Fold Validation (5-Fold, Train+Val 5.313 data)
13.6s 69 ===========================================================================
13.6s 70 #   Model                        Kategori        F1-Mac Mean   F1-Mac Std
13.6s 71 ───────────────────────────────────────────────────────────────────────────
13.6s 72 1   IndoBERT-only (Baseline DL)  DL Baseline          0.8454       0.0106
13.6s 73 2   IndoBERT+CNN (Proposed)      Proposed             0.8431       0.0094
13.6s 74 3   SVM                          ML Baseline          0.8023       0.0107
13.6s 75 4   LogisticRegression           ML Baseline          0.8029       0.0113
13.6s 76 5   RandomForest                 ML Baseline          0.7706       0.0115
13.6s 77 ===========================================================================
13.6s 78 
13.6s 79 Peningkatan Proposed Model vs Baseline:
13.6s 80 vs IndoBERT-only (Baseline DL): Δ F1-Macro = -0.0044
13.6s 81 vs SVM                      : Δ F1-Macro = +0.0186
14.3s 82 ✔ comparison_f1_macro.png
15.0s 83 ✔ comparison_all_metrics.png
15.8s 84 ✔ comparison_perclass_f1.png
16.3s 85 ✔ comparison_kfold_stability.png
16.9s 86 ✔ comparison_radar.png
17.2s 87 ✔ comparison_delta_f1.png
17.5s 88 ============================================================
17.5s 89 ANALISIS ERROR — Test Set (1,329 data)
17.5s 90 ============================================================
17.5s 91 Semua model benar         : 896 (67.4%)
17.5s 92 Semua model salah         : 76 (5.7%)
17.5s 93 Semua model sepakat       : 962 (72.4%)
17.5s 94 Proposed benar, lain salah: 23 (1.7%)
17.5s 95 ────────────────────────────────────────────────────────────
17.5s 96 Distribusi jumlah model yang benar per sample:
17.5s 97 0/5 model benar: 76 sample (5.7%)
17.5s 98 1/5 model benar: 49 sample (3.7%)
17.5s 99 2/5 model benar: 67 sample (5.0%)
17.5s 100 3/5 model benar: 88 sample (6.6%)
17.5s 101 4/5 model benar: 153 sample (11.5%)
17.5s 102 5/5 model benar: 896 sample (67.4%)
17.5s 103 
17.5s 104 ✔ error_analysis_all_models.csv disimpan
17.6s 105 =================================================================
17.6s 106 RINGKASAN FINAL — KOMPARASI SEMUA MODEL
17.6s 107 =================================================================
17.6s 108 
17.6s 109 Test Set F1-Macro (metrik utama):
17.6s 110 IndoBERT-only (Baseline DL)     : 0.8497
17.6s 111 IndoBERT+CNN (Proposed)         : 0.8453 ← proposed
17.6s 112 SVM                             : 0.8267
17.6s 113 LogisticRegression              : 0.8251
17.6s 114 RandomForest                    : 0.7966
17.6s 115 
17.6s 116 Temuan Utama:
17.6s 117 1. Proposed (IndoBERT+CNN) vs Best ML (SVM)  : Δ = +0.0186
17.6s 118 2. Proposed (IndoBERT+CNN) vs Best DL (BERT) : Δ = -0.0044
17.6s 119 3. Semua DL model (BERT-based) > semua ML model.
17.6s 120 4. IndoBERT-only sedikit lebih baik dari IndoBERT+CNN pada dataset ini.
17.6s 121 Interpretasi: self-attention BERT sudah cukup untuk teks pendek Twitter.
17.6s 122 
17.6s 123 =================================================================
17.6s 124 OUTPUT NOTEBOOK 06
17.6s 125 =================================================================
17.6s 126 ✔ model_comparison_full.csv          → Dataset lengkap semua metrik
17.6s 127 ✔ model_comparison_report.csv        → Tabel siap laporan Bab 4
17.6s 128 ✔ error_analysis_all_models.csv      → Analisis disagreement per sample
17.6s 129 ✔ comparison_f1_macro.png            → Bar chart F1-Macro ranking
17.6s 130 ✔ comparison_all_metrics.png         → Grouped bar semua metrik
17.6s 131 ✔ comparison_perclass_f1.png         → Per-class F1 horizontal bar
17.6s 132 ✔ comparison_kfold_stability.png     → K-Fold stability dengan error bar
17.6s 133 ✔ comparison_radar.png               → Radar chart proposed vs baselines
17.6s 134 ✔ comparison_delta_f1.png            → Delta F1 proposed vs semua baseline
17.6s 135 
17.6s 136 Pipeline research selesai! 🎉
17.6s 137 Notebook yang telah diselesaikan:
17.6s 138 ✅ 01 — Stratified Sampling
17.6s 139 ✅ 02 — Preprocessing & Labeling
17.6s 140 ✅ 03 — IndoBERT+CNN Training
17.6s 141 ✅ 04 — BERT-only Baseline
17.6s 142 ✅ 05 — ML Baseline
17.6s 143 ✅ 06 — Model Comparison  ← selesai
21.2s 144 /usr/local/lib/python3.12/dist-packages/mistune.py:435: SyntaxWarning: invalid escape sequence '\|'
21.2s 145 cells[i][c] = re.sub('\\\\\|', '|', cell)
21.4s 146 /usr/local/lib/python3.12/dist-packages/nbconvert/filters/filter_links.py:36: SyntaxWarning: invalid escape sequence '\_'
21.4s 147 text = re.sub(r'_', '\_', text) # Escape underscores in display text
22.1s 148 [NbConvertApp] Converting notebook __notebook__.ipynb to notebook
22.5s 149 [NbConvertApp] Writing 498870 bytes to __notebook__.ipynb
25.6s 150 [NbConvertApp] Converting notebook __notebook__.ipynb to html
26.8s 151 [NbConvertApp] Support files will be in __results___files/
26.8s 152 [NbConvertApp] Making directory __results___files
26.8s 153 [NbConvertApp] Making directory __results___files
26.8s 154 [NbConvertApp] Making directory __results___files
26.8s 155 [NbConvertApp] Making directory __results___files
26.8s 156 [NbConvertApp] Making directory __results___files
26.8s 157 [NbConvertApp] Making directory __results___files
26.8s 158 [NbConvertApp] Writing 423020 bytes to __results__.html