7.8s 1 0.00s - Debugger warning: It seems that frozen modules are being used, which may
7.8s 2 0.00s - make the debugger miss breakpoints. Please pass -Xfrozen_modules=off
7.8s 3 0.00s - to python to disable frozen modules.
7.8s 4 0.00s - Note: Debugging will proceed. Set PYDEVD_DISABLE_FILE_VALIDATION=1 to disable this validation.
8.4s 5 0.00s - Debugger warning: It seems that frozen modules are being used, which may
8.4s 6 0.00s - make the debugger miss breakpoints. Please pass -Xfrozen_modules=off
8.4s 7 0.00s - to python to disable frozen modules.
8.4s 8 0.00s - Note: Debugging will proceed. Set PYDEVD_DISABLE_FILE_VALIDATION=1 to disable this validation.
9.5s 9 Environment: Kaggle Notebook
14.9s 10 ✅ GPU OK: Tesla T4 | sm_75
14.9s 11 ✅ Setup Kaggle selesai.
34.1s 12 Device  : cuda
34.1s 13 GPU     : Tesla T4
34.1s 14 VRAM    : 15.6 GB
34.1s 15 Compute : sm_75
34.1s 16 PyTorch : 2.10.0+cu128
34.2s 17 Restoring files...
34.2s 18 ✔ test_set_indices.npy
34.2s 19 ✔ test_set_fixed.csv
34.2s 20 ✔ phase1_results.csv
34.2s 21 ✔ phase1_epoch_history.csv
34.2s 22 ✔ phase1_fold_details.csv
34.2s 23 ✔ phase1_summary_top10.csv
34.2s 24 
34.2s 25 Verifikasi:
34.2s 26 ✔ test_set_indices.npy                          10.5 KB | 2026-05-27 04:55 | 1329 indices
34.2s 27 ✔ test_set_fixed.csv                            621.1 KB | 2026-05-27 04:55 | 1329 baris
34.2s 28 ✔ phase1_results.csv                            1.5 KB | 2026-05-27 04:55 | 12 baris
34.2s 29 ✔ phase1_epoch_history.csv                      24.0 KB | 2026-05-27 04:55 | 280 baris
34.2s 30 ✔ phase1_fold_details.csv                       4.5 KB | 2026-05-27 04:55 | 60 baris
34.2s 31 ✔ phase1_summary_top10.csv                      0.7 KB | 2026-05-27 04:55 | 10 baris
34.2s 32 Restoring process done!
34.2s 33 ✅ Konfigurasi berhasil dimuat.
34.2s 34 Arsitektur : Dual-Path [CLS]+CNN → Concat → Dense(256) → Dense(3)
34.2s 35 Phase 1    : 12 kombinasi × 5 fold = 60 runs (~9–10 jam)
34.2s 36 Phase 2A   : 12 kombinasi × 5 fold = 60 runs (~9 jam)
34.2s 37 Phase 2B   : 12 kombinasi × 5 fold = 60 runs (~9 jam)
34.2s 38 Phase 3    : 2 kondisi × 5 fold = 10 runs + evaluasi final
34.3s 39 Memuat data berlabel...
34.4s 40 Total data berlabel: 6,642
34.4s 41 positive    : 2,625 (39.5%)
34.4s 42 negative    : 2,085 (31.4%)
34.4s 43 neutral     : 1,932 (29.1%)
34.4s 44 
34.4s 45 Test set index dimuat dari file existing.
34.4s 46 Train+Val : 5,313 | Test (FIXED): 1,329
34.4s 47 Distribusi test set:
34.4s 48 positive    : 525 (39.5%)
34.4s 49 negative    : 417 (31.4%)
34.4s 50 neutral     : 387 (29.1%)
34.5s 51 Memuat tokenizer: indobenchmark/indobert-base-p2...
34.7s 52 Warning: You are sending unauthenticated requests to the HF Hub. Please set a HF_TOKEN to enable higher rate limits and faster downloads.
34.7s 53 
34.7s 54 Warning: You are sending unauthenticated requests to the HF Hub. Please set a HF_TOKEN to enable higher rate limits and faster downloads.
36.0s 55 ✅ Tokenizer berhasil dimuat.
36.0s 56 Validasi arsitektur Dual-Path...
43.6s 57 ✅ Output shape  : [2, 3] (expected [2, 3])
43.6s 58 ✅ [CLS] dim     : 768
43.6s 59 ✅ CNN dim       : 384 (128×3 kernels)
43.6s 60 ✅ Combined dim  : 1152 → Dense(256) → Dense(3)
43.6s 61 
43.6s 62 ✅ Arsitektur Dual-Path [CLS]+CNN berhasil didefinisikan.
43.7s 63 ✅ Training utilities berhasil didefinisikan.
43.7s 64 Optimizer  : AdamW differential LR + weight decay exclusion (4 param groups)
43.7s 65 Arsitektur : Dual-Path [CLS]+CNN → Concatenate → Dense → Classifier
43.7s 66 Recording  : epoch_history (semua kombinasi) + fold_details
43.8s 67 Phase 2A: 12 kombinasi × 5 fold = 60 runs
43.8s 68 BERT fixed: lr_bert=1e-05 | lr_cnn=0.0001 | bs=32 | wd=0.01
43.8s 69 [01] ngram=[1, 2, 3] | filter=128 | dropout=0.3 | act=relu
43.8s 70 [02] ngram=[1, 2, 3] | filter=128 | dropout=0.3 | act=gelu
43.8s 71 [03] ngram=[1, 2, 3] | filter=128 | dropout=0.3 | act=elu
43.8s 72 [04] ngram=[1, 2, 3] | filter=128 | dropout=0.5 | act=relu
43.8s 73 [05] ngram=[1, 2, 3] | filter=128 | dropout=0.5 | act=gelu
43.8s 74 [06] ngram=[1, 2, 3] | filter=128 | dropout=0.5 | act=elu
43.8s 75 [07] ngram=[1, 2, 3] | filter=256 | dropout=0.3 | act=relu
43.8s 76 [08] ngram=[1, 2, 3] | filter=256 | dropout=0.3 | act=gelu
43.8s 77 [09] ngram=[1, 2, 3] | filter=256 | dropout=0.3 | act=elu
43.8s 78 [10] ngram=[1, 2, 3] | filter=256 | dropout=0.5 | act=relu
43.8s 79 [11] ngram=[1, 2, 3] | filter=256 | dropout=0.5 | act=gelu
43.8s 80 [12] ngram=[1, 2, 3] | filter=256 | dropout=0.5 | act=elu
43.9s 81 
43.9s 82 ─────────────────────────────────────────────────────────────────
43.9s 83 [01/12] ng=[1, 2, 3]_f=128_dr=0.3_relu
43.9s 84 ─────────────────────────────────────────────────────────────────
613.2s 85 ├─ Fold 1/5 → F1=0.8508 | Acc=0.8523 | best_ep=2
1196.4s 86 ├─ Fold 2/5 → F1=0.8535 | Acc=0.8570 | best_ep=2
1895.6s 87 ├─ Fold 3/5 → F1=0.8553 | Acc=0.8579 | best_ep=3
2478.6s 88 ├─ Fold 4/5 → F1=0.8287 | Acc=0.8333 | best_ep=2
3061.3s 89 ├─ Fold 5/5 → F1=0.8373 | Acc=0.8418 | best_ep=2
3061.3s 90 └─ SELESAI | F1-Macro: 0.8451 ± 0.0104
3061.3s 91 Acc=0.8485 | Prec=0.8451 | Rec=0.8477
3061.3s 92 Waktu: 50.3 menit | Sisa: 9j 13m (11 tersisa)
3061.3s 93 ✔ Progress disimpan
3061.3s 94 
3061.3s 95 ─────────────────────────────────────────────────────────────────
3061.3s 96 [02/12] ng=[1, 2, 3]_f=128_dr=0.3_gelu
3061.3s 97 ─────────────────────────────────────────────────────────────────
3760.7s 98 ├─ Fold 1/5 → F1=0.8502 | Acc=0.8514 | best_ep=3
4343.3s 99 ├─ Fold 2/5 → F1=0.8534 | Acc=0.8561 | best_ep=2
5042.5s 100 ├─ Fold 3/5 → F1=0.8509 | Acc=0.8542 | best_ep=3
5625.6s 101 ├─ Fold 4/5 → F1=0.8248 | Acc=0.8267 | best_ep=2
6208.5s 102 ├─ Fold 5/5 → F1=0.8489 | Acc=0.8522 | best_ep=2
6208.5s 103 └─ SELESAI | F1-Macro: 0.8456 ± 0.0105
6208.5s 104 Acc=0.8481 | Prec=0.8460 | Rec=0.8489
6208.5s 105 Waktu: 52.5 menit | Sisa: 8j 33m (10 tersisa)
6208.5s 106 ✔ Progress disimpan
6208.5s 107 
6208.5s 108 ─────────────────────────────────────────────────────────────────
6208.5s 109 [03/12] ng=[1, 2, 3]_f=128_dr=0.3_elu
6208.5s 110 ─────────────────────────────────────────────────────────────────
6791.2s 111 ├─ Fold 1/5 → F1=0.8498 | Acc=0.8504 | best_ep=2
7373.8s 112 ├─ Fold 2/5 → F1=0.8527 | Acc=0.8532 | best_ep=2
7956.3s 113 ├─ Fold 3/5 → F1=0.8604 | Acc=0.8627 | best_ep=2
8539.3s 114 ├─ Fold 4/5 → F1=0.8207 | Acc=0.8249 | best_ep=2
9122.2s 115 ├─ Fold 5/5 → F1=0.8132 | Acc=0.8173 | best_ep=2
9122.2s 116 └─ SELESAI | F1-Macro: 0.8394 ± 0.0188
9122.2s 117 Acc=0.8417 | Prec=0.8419 | Rec=0.8429
9122.2s 118 Waktu: 48.6 menit | Sisa: 7j 33m (9 tersisa)
9122.2s 119 ✔ Progress disimpan
9122.2s 120 
9122.2s 121 ─────────────────────────────────────────────────────────────────
9122.2s 122 [04/12] ng=[1, 2, 3]_f=128_dr=0.5_relu
9122.2s 123 ─────────────────────────────────────────────────────────────────
9821.1s 124 ├─ Fold 1/5 → F1=0.8421 | Acc=0.8438 | best_ep=3
10519.5s 125 ├─ Fold 2/5 → F1=0.8669 | Acc=0.8702 | best_ep=3
11100.7s 126 ├─ Fold 3/5 → F1=0.8677 | Acc=0.8702 | best_ep=2
11683.5s 127 ├─ Fold 4/5 → F1=0.8265 | Acc=0.8315 | best_ep=2
12265.9s 128 ├─ Fold 5/5 → F1=0.8316 | Acc=0.8333 | best_ep=2
12265.9s 129 └─ SELESAI | F1-Macro: 0.8470 ± 0.0174
12265.9s 130 Acc=0.8498 | Prec=0.8482 | Rec=0.8502
12265.9s 131 Waktu: 52.4 menit | Sisa: 6j 47m (8 tersisa)
12265.9s 132 ✔ Progress disimpan
12265.9s 133 
12265.9s 134 ─────────────────────────────────────────────────────────────────
12265.9s 135 [05/12] ng=[1, 2, 3]_f=128_dr=0.5_gelu
12265.9s 136 ─────────────────────────────────────────────────────────────────
12848.5s 137 ├─ Fold 1/5 → F1=0.8460 | Acc=0.8504 | best_ep=2
13431.2s 138 ├─ Fold 2/5 → F1=0.8595 | Acc=0.8627 | best_ep=2
14013.5s 139 ├─ Fold 3/5 → F1=0.8654 | Acc=0.8683 | best_ep=2
14596.4s 140 ├─ Fold 4/5 → F1=0.8259 | Acc=0.8296 | best_ep=2
15179.2s 141 ├─ Fold 5/5 → F1=0.8355 | Acc=0.8399 | best_ep=2
15179.2s 142 └─ SELESAI | F1-Macro: 0.8465 ± 0.0146
15179.2s 143 Acc=0.8502 | Prec=0.8459 | Rec=0.8488
15179.2s 144 Waktu: 48.6 menit | Sisa: 5j 53m (7 tersisa)
15179.2s 145 ✔ Progress disimpan
15179.2s 146 
15179.2s 147 ─────────────────────────────────────────────────────────────────
15179.2s 148 [06/12] ng=[1, 2, 3]_f=128_dr=0.5_elu
15179.2s 149 ─────────────────────────────────────────────────────────────────
15761.8s 150 ├─ Fold 1/5 → F1=0.8342 | Acc=0.8354 | best_ep=2
16460.1s 151 ├─ Fold 2/5 → F1=0.8604 | Acc=0.8627 | best_ep=3
17039.7s 152 ├─ Fold 3/5 → F1=0.8642 | Acc=0.8674 | best_ep=2
17621.8s 153 ├─ Fold 4/5 → F1=0.8233 | Acc=0.8267 | best_ep=2
18201.0s 154 ├─ Fold 5/5 → F1=0.8427 | Acc=0.8456 | best_ep=2
18201.0s 155 └─ SELESAI | F1-Macro: 0.8450 ± 0.0155
18201.0s 156 Acc=0.8476 | Prec=0.8457 | Rec=0.8475
18201.0s 157 Waktu: 50.4 menit | Sisa: 5j 2m (6 tersisa)
18201.0s 158 ✔ Progress disimpan
18201.0s 159 
18201.0s 160 ─────────────────────────────────────────────────────────────────
18201.0s 161 [07/12] ng=[1, 2, 3]_f=256_dr=0.3_relu
18201.0s 162 ─────────────────────────────────────────────────────────────────
18791.7s 163 ├─ Fold 1/5 → F1=0.8466 | Acc=0.8495 | best_ep=2
19381.6s 164 ├─ Fold 2/5 → F1=0.8540 | Acc=0.8561 | best_ep=2
19971.6s 165 ├─ Fold 3/5 → F1=0.8492 | Acc=0.8561 | best_ep=2
20561.7s 166 ├─ Fold 4/5 → F1=0.8265 | Acc=0.8277 | best_ep=2
21034.2s 167 ├─ Fold 5/5 → F1=0.8339 | Acc=0.8371 | best_ep=1
21034.2s 168 └─ SELESAI | F1-Macro: 0.8420 ± 0.0102
21034.2s 169 Acc=0.8453 | Prec=0.8432 | Rec=0.8456
21034.2s 170 Waktu: 47.2 menit | Sisa: 4j 9m (5 tersisa)
21034.2s 171 ✔ Progress disimpan
21034.2s 172 
21034.2s 173 ─────────────────────────────────────────────────────────────────
21034.2s 174 [08/12] ng=[1, 2, 3]_f=256_dr=0.3_gelu
21034.2s 175 ─────────────────────────────────────────────────────────────────
21742.2s 176 ├─ Fold 1/5 → F1=0.8536 | Acc=0.8570 | best_ep=3
22335.9s 177 ├─ Fold 2/5 → F1=0.8578 | Acc=0.8608 | best_ep=2
22927.8s 178 ├─ Fold 3/5 → F1=0.8529 | Acc=0.8570 | best_ep=2
23401.4s 179 ├─ Fold 4/5 → F1=0.8224 | Acc=0.8267 | best_ep=1
23996.1s 180 ├─ Fold 5/5 → F1=0.8275 | Acc=0.8315 | best_ep=2
23996.1s 181 └─ SELESAI | F1-Macro: 0.8428 ± 0.0148
23996.1s 182 Acc=0.8466 | Prec=0.8429 | Rec=0.8447
23996.1s 183 Waktu: 49.4 menit | Sisa: 3j 19m (4 tersisa)
23996.1s 184 ✔ Progress disimpan
23996.1s 185 
23996.1s 186 ─────────────────────────────────────────────────────────────────
23996.1s 187 [09/12] ng=[1, 2, 3]_f=256_dr=0.3_elu
23996.1s 188 ─────────────────────────────────────────────────────────────────
24585.8s 189 ├─ Fold 1/5 → F1=0.8518 | Acc=0.8523 | best_ep=2
25292.4s 190 ├─ Fold 2/5 → F1=0.8601 | Acc=0.8627 | best_ep=3
25998.9s 191 ├─ Fold 3/5 → F1=0.8548 | Acc=0.8589 | best_ep=3
26472.8s 192 ├─ Fold 4/5 → F1=0.8252 | Acc=0.8267 | best_ep=1
27061.9s 193 ├─ Fold 5/5 → F1=0.8317 | Acc=0.8352 | best_ep=2
27061.9s 194 └─ SELESAI | F1-Macro: 0.8447 ± 0.0137
27061.9s 195 Acc=0.8472 | Prec=0.8451 | Rec=0.8481
27061.9s 196 Waktu: 51.1 menit | Sisa: 2j 30m (3 tersisa)
27061.9s 197 ✔ Progress disimpan
27061.9s 198 
27061.9s 199 ─────────────────────────────────────────────────────────────────
27061.9s 200 [10/12] ng=[1, 2, 3]_f=256_dr=0.5_relu
27061.9s 201 ─────────────────────────────────────────────────────────────────
27883.3s 202 ├─ Fold 1/5 → F1=0.8517 | Acc=0.8542 | best_ep=4
28587.9s 203 ├─ Fold 2/5 → F1=0.8558 | Acc=0.8598 | best_ep=3
29294.8s 204 ├─ Fold 3/5 → F1=0.8649 | Acc=0.8664 | best_ep=3
29883.2s 205 ├─ Fold 4/5 → F1=0.8305 | Acc=0.8343 | best_ep=2
30469.3s 206 ├─ Fold 5/5 → F1=0.8410 | Acc=0.8427 | best_ep=2
30469.3s 207 └─ SELESAI | F1-Macro: 0.8488 ± 0.0119
30469.3s 208 Acc=0.8515 | Prec=0.8494 | Rec=0.8523
30469.3s 209 Waktu: 56.8 menit | Sisa: 1j 41m (2 tersisa)
30469.3s 210 ✔ Progress disimpan
30469.3s 211 
30469.3s 212 ─────────────────────────────────────────────────────────────────
30469.3s 213 [11/12] ng=[1, 2, 3]_f=256_dr=0.5_gelu
30469.3s 214 ─────────────────────────────────────────────────────────────────
31057.1s 215 ├─ Fold 1/5 → F1=0.8486 | Acc=0.8514 | best_ep=2
31646.5s 216 ├─ Fold 2/5 → F1=0.8566 | Acc=0.8589 | best_ep=2
32351.1s 217 ├─ Fold 3/5 → F1=0.8652 | Acc=0.8674 | best_ep=3
32941.6s 218 ├─ Fold 4/5 → F1=0.8292 | Acc=0.8324 | best_ep=2
33529.0s 219 ├─ Fold 5/5 → F1=0.8315 | Acc=0.8352 | best_ep=2
33529.0s 220 └─ SELESAI | F1-Macro: 0.8462 ± 0.0140
33529.0s 221 Acc=0.8491 | Prec=0.8458 | Rec=0.8483
33529.0s 222 Waktu: 51.0 menit | Sisa: 0j 50m (1 tersisa)
33529.0s 223 ✔ Progress disimpan
33529.0s 224 
33529.0s 225 ─────────────────────────────────────────────────────────────────
33529.0s 226 [12/12] ng=[1, 2, 3]_f=256_dr=0.5_elu
33529.0s 227 ─────────────────────────────────────────────────────────────────
34231.0s 228 ├─ Fold 1/5 → F1=0.8610 | Acc=0.8636 | best_ep=3
34816.5s 229 ├─ Fold 2/5 → F1=0.8519 | Acc=0.8561 | best_ep=2
35521.4s 230 ├─ Fold 3/5 → F1=0.8629 | Acc=0.8683 | best_ep=3
36110.9s 231 ├─ Fold 4/5 → F1=0.8299 | Acc=0.8315 | best_ep=2
36698.4s 232 ├─ Fold 5/5 → F1=0.8394 | Acc=0.8427 | best_ep=2
36698.4s 233 └─ SELESAI | F1-Macro: 0.8490 ± 0.0127
36698.4s 234 Acc=0.8524 | Prec=0.8490 | Rec=0.8522
36698.4s 235 Waktu: 52.8 menit | Sisa: 0j 0m (0 tersisa)
36698.4s 236 ✔ Progress disimpan
36698.4s 237 
36698.4s 238 =================================================================
36698.4s 239 PHASE 2A SELESAI — 10.2 jam
36698.4s 240 =================================================================
36698.4s 241 combo_id     ngram  filter_size  dropout activation  f1_macro  f1_macro_std  accuracy
36698.4s 242 12 [1, 2, 3]          256      0.5        elu    0.8490        0.0127    0.8524
36698.4s 243 10 [1, 2, 3]          256      0.5       relu    0.8488        0.0119    0.8515
36698.4s 244 4 [1, 2, 3]          128      0.5       relu    0.8470        0.0174    0.8498
36698.4s 245 5 [1, 2, 3]          128      0.5       gelu    0.8465        0.0146    0.8502
36698.4s 246 11 [1, 2, 3]          256      0.5       gelu    0.8462        0.0140    0.8491
36698.4s 247 2 [1, 2, 3]          128      0.3       gelu    0.8456        0.0105    0.8481
36698.4s 248 1 [1, 2, 3]          128      0.3       relu    0.8451        0.0104    0.8485
36698.4s 249 6 [1, 2, 3]          128      0.5        elu    0.8450        0.0155    0.8476
36698.4s 250 9 [1, 2, 3]          256      0.3        elu    0.8447        0.0137    0.8472
36698.4s 251 8 [1, 2, 3]          256      0.3       gelu    0.8428        0.0148    0.8466
36698.4s 252 7 [1, 2, 3]          256      0.3       relu    0.8420        0.0102    0.8453
36698.4s 253 3 [1, 2, 3]          128      0.3        elu    0.8394        0.0188    0.8417
36698.4s 254 
36698.4s 255 Terbaik 2A: filter=256 | dropout=0.5 | act=elu
36698.4s 256 
36698.4s 257 Lanjut ke Phase 2B di sesi berikutnya.
36698.7s 258 ⚠️  phase3_kfold_results.csv belum ada — Phase 3 belum dijalankan.
36698.8s 259 ⚠️  phase3_kfold_results.csv belum ada.
36698.8s 260 ⚠️  phase3_fold_details.csv belum ada.
36705.2s 261 /usr/local/lib/python3.12/dist-packages/mistune.py:435: SyntaxWarning: invalid escape sequence '\|'
36705.2s 262 cells[i][c] = re.sub('\\\\\|', '|', cell)
36705.3s 263 /usr/local/lib/python3.12/dist-packages/nbconvert/filters/filter_links.py:36: SyntaxWarning: invalid escape sequence '\_'
36705.3s 264 text = re.sub(r'_', '\_', text) # Escape underscores in display text
36706.0s 265 [NbConvertApp] Converting notebook __notebook__.ipynb to notebook
36706.8s 266 [NbConvertApp] Writing 1603310 bytes to __notebook__.ipynb
36709.3s 267 [NbConvertApp] Converting notebook __notebook__.ipynb to html
36710.6s 268 [NbConvertApp] Writing 1717234 bytes to __results__.html