9.9s 1 0.00s - Debugger warning: It seems that frozen modules are being used, which may
9.9s 2 0.00s - make the debugger miss breakpoints. Please pass -Xfrozen_modules=off
9.9s 3 0.00s - to python to disable frozen modules.
9.9s 4 0.00s - Note: Debugging will proceed. Set PYDEVD_DISABLE_FILE_VALIDATION=1 to disable this validation.
10.9s 5 0.00s - Debugger warning: It seems that frozen modules are being used, which may
10.9s 6 0.00s - make the debugger miss breakpoints. Please pass -Xfrozen_modules=off
10.9s 7 0.00s - to python to disable frozen modules.
10.9s 8 0.00s - Note: Debugging will proceed. Set PYDEVD_DISABLE_FILE_VALIDATION=1 to disable this validation.
12.3s 9 Python : 3.12.13 (main, Mar  4 2026, 09:23:07) [GCC 11.4.0]
12.3s 10 CWD    : /kaggle/working
12.3s 11 ✅ Setup selesai. (CPU — tidak membutuhkan GPU untuk ML baseline)
16.9s 12 ✅ Library berhasil dimuat.
17.0s 13 Restoring files dari final-training-dual-path-outputs...
17.0s 14 ✔ test_set_indices.npy
17.0s 15 ✔ test_set_fixed.csv
17.0s 16 Done.
17.0s 17 ✅ Konfigurasi berhasil dimuat.
17.0s 18 OUTPUTS_INPUT : /kaggle/input/datasets/lathifainayah/final-training-dual-path-outputs
17.0s 19 DATA_COND     : S1 — class_weight=balanced (tanpa undersampling)
17.0s 20 TF-IDF        : max_features=50,000, ngram=(1, 2), sublinear_tf=True
17.0s 21 Model         : ['SVM', 'LogisticRegression', 'RandomForest']
17.0s 22 K-Fold        : 5
17.0s 23 Proposed F1   : 0.8547 (nb03, untuk perbandingan)
17.0s 24 BERT-only F1  : 0.863 (nb04, untuk perbandingan)
17.0s 25 
17.0s 26 Note: Notebook ini tidak membutuhkan GPU.
17.1s 27 Memuat data berlabel...
17.1s 28 Total data berlabel: 6,642
17.1s 29 positive    : 2,625 (39.5%)
17.1s 30 negative    : 2,085 (31.4%)
17.1s 31 neutral     : 1,932 (29.1%)
17.1s 32 
17.1s 33 Test set index dimuat dari notebook 03 (identik).
17.1s 34 Train+Val : 5,313 | Test (FIXED): 1,329
17.1s 35 
17.1s 36 Distribusi test set:
17.1s 37 positive    : 525 (39.5%)
17.1s 38 negative    : 417 (31.4%)
17.1s 39 neutral     : 387 (29.1%)
17.2s 40 ✅ Utilities berhasil didefinisikan.
17.2s 41 TF-IDF difit hanya pada train fold — tidak ada data leakage.
17.2s 42 Penanganan imbalanced: class_weight=balanced di model (DATA_COND S1).
17.4s 43 
17.4s 44 ════════════════════════════════════════════════════════════
17.4s 45 MODEL: SVM
17.4s 46 Deskripsi: Linear SVM (C=1.0, class_weight=balanced)
17.4s 47 ════════════════════════════════════════════════════════════
17.4s 48 
17.4s 49 K-Fold 5 pada 5,313 train+val data...
18.0s 50 ├─ Fold 1/5 → F1=0.8147 | Acc=0.8184 | fit=0.1s
18.5s 51 ├─ Fold 2/5 → F1=0.8083 | Acc=0.8128 | fit=0.1s
19.0s 52 ├─ Fold 3/5 → F1=0.8094 | Acc=0.8137 | fit=0.1s
19.4s 53 ├─ Fold 4/5 → F1=0.7925 | Acc=0.7976 | fit=0.1s
19.9s 54 ├─ Fold 5/5 → F1=0.7868 | Acc=0.7919 | fit=0.1s
19.9s 55 └─ K-Fold selesai — 0.0 menit
19.9s 56 F1-Macro: 0.8023 ± 0.0107
19.9s 57 
19.9s 58 Final training pada seluruh 5,313 train+val...
20.4s 59 Fit selesai — 0.1s
20.4s 60 
20.4s 61 ───────────────────────────────────────────────────────
20.4s 62 EVALUASI FINAL — TEST SET (SVM)
20.4s 63 ───────────────────────────────────────────────────────
20.4s 64 accuracy       : 0.8322
20.4s 65 precision      : 0.8280
20.4s 66 recall         : 0.8269
20.4s 67 f1_macro       : 0.8267
20.4s 68 f1_weighted    : 0.8313
20.4s 69 
20.4s 70 precision    recall  f1-score   support
20.4s 71 
20.4s 72 positive       0.87      0.87      0.87       525
20.4s 73 negative       0.82      0.88      0.85       417
20.4s 74 neutral       0.80      0.74      0.77       387
20.4s 75 
20.4s 76 accuracy                           0.83      1329
20.4s 77 macro avg       0.83      0.83      0.83      1329
20.4s 78 weighted avg       0.83      0.83      0.83      1329
20.4s 79 
20.4s 80 Per-class F1: positive=0.8658 | negative=0.8482 | neutral=0.7661
21.2s 81 ✔ svm_cm_pair.png tersimpan
21.2s 82 ✔ svm_test_predictions.csv (1,329 baris)
21.5s 83 ✔ svm_model.pkl + svm_tfidf.pkl tersimpan
21.5s 84 
21.5s 85 ════════════════════════════════════════════════════════════
21.5s 86 MODEL: LogisticRegression
21.5s 87 Deskripsi: Logistic Regression (C=1.0, OvR, L2, class_weight=balanced)
21.5s 88 ════════════════════════════════════════════════════════════
21.5s 89 
21.5s 90 K-Fold 5 pada 5,313 train+val data...
22.2s 91 ├─ Fold 1/5 → F1=0.8107 | Acc=0.8137 | fit=0.2s
22.7s 92 ├─ Fold 2/5 → F1=0.8061 | Acc=0.8100 | fit=0.1s
23.3s 93 ├─ Fold 3/5 → F1=0.8143 | Acc=0.8175 | fit=0.2s
23.8s 94 ├─ Fold 4/5 → F1=0.8012 | Acc=0.8041 | fit=0.1s
24.4s 95 ├─ Fold 5/5 → F1=0.7821 | Acc=0.7872 | fit=0.2s
24.4s 96 └─ K-Fold selesai — 0.0 menit
24.4s 97 F1-Macro: 0.8029 ± 0.0113
24.4s 98 
24.4s 99 Final training pada seluruh 5,313 train+val...
25.0s 100 Fit selesai — 0.2s
25.0s 101 
25.0s 102 ───────────────────────────────────────────────────────
25.0s 103 EVALUASI FINAL — TEST SET (LogisticRegression)
25.0s 104 ───────────────────────────────────────────────────────
25.0s 105 accuracy       : 0.8284
25.0s 106 precision      : 0.8251
25.0s 107 recall         : 0.8284
25.0s 108 f1_macro       : 0.8251
25.0s 109 f1_weighted    : 0.8287
25.0s 110 
25.0s 111 precision    recall  f1-score   support
25.0s 112 
25.0s 113 positive       0.90      0.82      0.86       525
25.0s 114 negative       0.80      0.89      0.84       417
25.0s 115 neutral       0.78      0.78      0.78       387
25.0s 116 
25.0s 117 accuracy                           0.83      1329
25.0s 118 macro avg       0.83      0.83      0.83      1329
25.0s 119 weighted avg       0.83      0.83      0.83      1329
25.0s 120 
25.0s 121 Per-class F1: positive=0.8560 | negative=0.8416 | neutral=0.7778
25.7s 122 ✔ logisticregression_cm_pair.png tersimpan
25.7s 123 ✔ logisticregression_test_predictions.csv (1,329 baris)
26.1s 124 ✔ logisticregression_model.pkl + logisticregression_tfidf.pkl tersimpan
26.1s 125 
26.1s 126 ════════════════════════════════════════════════════════════
26.1s 127 MODEL: RandomForest
26.1s 128 Deskripsi: Random Forest (n=200, class_weight=balanced)
26.1s 129 ════════════════════════════════════════════════════════════
26.1s 130 
26.1s 131 K-Fold 5 pada 5,313 train+val data...
32.5s 132 ├─ Fold 1/5 → F1=0.7824 | Acc=0.7865 | fit=5.9s
38.9s 133 ├─ Fold 2/5 → F1=0.7662 | Acc=0.7723 | fit=6.0s
45.5s 134 ├─ Fold 3/5 → F1=0.7855 | Acc=0.7902 | fit=6.0s
51.9s 135 ├─ Fold 4/5 → F1=0.7558 | Acc=0.7608 | fit=5.9s
58.4s 136 ├─ Fold 5/5 → F1=0.7629 | Acc=0.7693 | fit=6.1s
58.4s 137 └─ K-Fold selesai — 0.5 menit
58.4s 138 F1-Macro: 0.7706 ± 0.0115
58.4s 139 
58.4s 140 Final training pada seluruh 5,313 train+val...
67.2s 141 Fit selesai — 8.3s
67.4s 142 
67.4s 143 ───────────────────────────────────────────────────────
67.4s 144 EVALUASI FINAL — TEST SET (RandomForest)
67.4s 145 ───────────────────────────────────────────────────────
67.4s 146 accuracy       : 0.8006
67.4s 147 precision      : 0.7975
67.4s 148 recall         : 0.7995
67.4s 149 f1_macro       : 0.7966
67.4s 150 f1_weighted    : 0.8005
67.4s 151 
67.4s 152 precision    recall  f1-score   support
67.4s 153 
67.4s 154 positive       0.87      0.79      0.83       525
67.4s 155 negative       0.76      0.87      0.81       417
67.4s 156 neutral       0.76      0.73      0.75       387
67.4s 157 
67.4s 158 accuracy                           0.80      1329
67.4s 159 macro avg       0.80      0.80      0.80      1329
67.4s 160 weighted avg       0.80      0.80      0.80      1329
67.4s 161 
67.4s 162 Per-class F1: positive=0.8299 | negative=0.8143 | neutral=0.7457
68.1s 163 ✔ randomforest_cm_pair.png tersimpan
68.1s 164 ✔ randomforest_test_predictions.csv (1,329 baris)
68.3s 165 ✔ randomforest_model.pkl + randomforest_tfidf.pkl tersimpan
68.3s 166 
68.3s 167 ════════════════════════════════════════════════════════════
68.3s 168 SEMUA MODEL SELESAI — 0.9 menit total
68.3s 169 ════════════════════════════════════════════════════════════
68.3s 170 model  test_f1_macro  test_accuracy  kfold_f1_macro_mean  kfold_f1_macro_std
68.3s 171 SVM         0.8267         0.8322               0.8023              0.0107
68.3s 172 LogisticRegression         0.8251         0.8284               0.8029              0.0113
68.3s 173 RandomForest         0.7966         0.8006               0.7706              0.0115
69.0s 174 ✔ ml_comparison_metrics.png tersimpan
69.2s 175 ✔ ml_kfold_stability.png tersimpan
69.3s 176 ✔ ml_perclass_f1.png tersimpan
69.3s 177 
69.3s 178 ✅ Semua visualisasi ML baseline tersimpan.
69.3s 179 ═════════════════════════════════════════════════════════════════
69.3s 180 RINGKASAN ML BASELINE — TEST SET
69.3s 181 ═════════════════════════════════════════════════════════════════
69.3s 182 Model                    F1-Macro     F1-Wgt   Accuracy
69.3s 183 ─────────────────────────────────────────────────────────────────
69.3s 184 SVM                        0.8267     0.8313     0.8322
69.3s 185 LogisticRegression         0.8251     0.8287     0.8284
69.3s 186 RandomForest               0.7966     0.8005     0.8006
69.3s 187 ─────────────────────────────────────────────────────────────────
69.3s 188 Best ML: SVM (F1-Macro=0.8267)
69.3s 189 ═════════════════════════════════════════════════════════════════
69.3s 190 
69.3s 191 Per-class F1 (test set):
69.3s 192 Model                    Positive   Negative    Neutral
69.3s 193 ───────────────────────────────────────────────────────
69.3s 194 SVM                        0.8658     0.8482     0.7661
69.3s 195 LogisticRegression         0.8560     0.8416     0.7778
69.3s 196 RandomForest               0.8299     0.8143     0.7457
69.3s 197 
69.3s 198 K-Fold F1-Macro (mean ± std):
69.3s 199 Model                        Mean        Std
69.3s 200 ─────────────────────────────────────────────
69.3s 201 SVM                        0.8023     0.0107
69.3s 202 LogisticRegression         0.8029     0.0113
69.3s 203 RandomForest               0.7706     0.0115
69.3s 204 
69.3s 205 ═════════════════════════════════════════════════════════════════
69.3s 206 PERBANDINGAN AWAL — ML vs DL
69.3s 207 ═════════════════════════════════════════════════════════════════
69.3s 208 IndoBERT+CNN (proposed, nb03, S2) : 0.8547
69.3s 209 IndoBERT-only (baseline, nb04, S2): 0.8630
69.3s 210 ─────────────────────────────────────────────────────────────────
69.3s 211 SVM                      : 0.8267 (vs proposed: +0.0280)
69.3s 212 LogisticRegression       : 0.8251 (vs proposed: +0.0296)
69.3s 213 RandomForest             : 0.7966 (vs proposed: +0.0581)
69.3s 214 ═════════════════════════════════════════════════════════════════
69.3s 215 
69.3s 216 Output yang dihasilkan:
69.3s 217 ✔ ml_baseline_summary.csv                            Ringkasan metrik semua model untuk nb06
69.3s 218 ✔ ml_baseline_fold_details.csv                       Detail metrik per fold semua model
69.3s 219 ✔ ml_comparison_metrics.png                          Grouped bar chart perbandingan metrik
69.3s 220 ✔ ml_kfold_stability.png                             Box plot stabilitas K-Fold
69.3s 221 ✔ ml_perclass_f1.png                                 Per-class F1 per model
69.3s 222 ✔ svm_cm_pair.png                                    Confusion matrix SVM
69.3s 223 ✔ logisticregression_cm_pair.png                     Confusion matrix Logistic Regression
69.3s 224 ✔ randomforest_cm_pair.png                           Confusion matrix Random Forest
69.3s 225 ✔ svm_test_predictions.csv                           Prediksi SVM per tweet
69.3s 226 ✔ logisticregression_test_predictions.csv            Prediksi LR per tweet
69.3s 227 ✔ randomforest_test_predictions.csv                  Prediksi RF per tweet
69.3s 228 ✔ svm_model.pkl                                      Model SVM final
69.3s 229 ✔ svm_tfidf.pkl                                      TF-IDF SVM final
69.3s 230 ✔ logisticregression_model.pkl                       Model LR final
69.3s 231 ✔ logisticregression_tfidf.pkl                       TF-IDF LR final
69.3s 232 ✔ randomforest_model.pkl                             Model RF final
69.3s 233 ✔ randomforest_tfidf.pkl                             TF-IDF RF final
69.3s 234 
69.3s 235 Lanjut ke Notebook 06 — Model Comparison
73.2s 236 /usr/local/lib/python3.12/dist-packages/mistune.py:435: SyntaxWarning: invalid escape sequence '\|'
73.2s 237 cells[i][c] = re.sub('\\\\\|', '|', cell)
73.4s 238 /usr/local/lib/python3.12/dist-packages/nbconvert/filters/filter_links.py:36: SyntaxWarning: invalid escape sequence '\_'
73.4s 239 text = re.sub(r'_', '\_', text) # Escape underscores in display text
74.2s 240 [NbConvertApp] Converting notebook __notebook__.ipynb to notebook
74.6s 241 [NbConvertApp] Writing 54082 bytes to __notebook__.ipynb
77.8s 242 [NbConvertApp] Converting notebook __notebook__.ipynb to html
79.0s 243 [NbConvertApp] Writing 409749 bytes to __results__.html