6.4s 1 0.00s - Debugger warning: It seems that frozen modules are being used, which may
6.4s 2 0.00s - make the debugger miss breakpoints. Please pass -Xfrozen_modules=off
6.4s 3 0.00s - to python to disable frozen modules.
6.4s 4 0.00s - Note: Debugging will proceed. Set PYDEVD_DISABLE_FILE_VALIDATION=1 to disable this validation.
7.0s 5 0.00s - Debugger warning: It seems that frozen modules are being used, which may
7.0s 6 0.00s - make the debugger miss breakpoints. Please pass -Xfrozen_modules=off
7.0s 7 0.00s - to python to disable frozen modules.
7.0s 8 0.00s - Note: Debugging will proceed. Set PYDEVD_DISABLE_FILE_VALIDATION=1 to disable this validation.
8.1s 9 Python : 3.12.13 (main, Mar  4 2026, 09:23:07) [GCC 11.4.0]
8.1s 10 CWD    : /kaggle/working
12.7s 11 ✅ GPU OK: Tesla T4 | sm_75
12.7s 12 ✅ Setup Kaggle selesai.
30.5s 13 Device  : cuda
30.5s 14 GPU     : Tesla T4
30.5s 15 VRAM    : 15.6 GB
30.5s 16 PyTorch : 2.10.0+cu128
30.5s 17 Restoring files dari final-training-dual-path-outputs...
30.5s 18 ✔ test_set_indices.npy
30.5s 19 ✔ test_set_fixed.csv
30.5s 20 Done.
30.5s 21 ✅ Konfigurasi berhasil dimuat.
30.5s 22 Model          : indobenchmark/indobert-base-p2
30.5s 23 lr_bert        : 1e-05
30.5s 24 batch_size     : 32
30.5s 25 weight_decay   : 0.01 (non-bias/LayerNorm only)
30.5s 26 data_condition : S2 (Random Undersampling)
30.5s 27 K-Fold         : 5
30.5s 28 max_epochs     : 10 (early stopping patience=3)
30.5s 29 Arsitektur     : IndoBERT → [CLS] → Dropout(0.1) → Dense(3)
30.5s 30 Proposed F1    : 0.8547 (nb03, untuk perbandingan)
30.7s 31 Memuat data berlabel...
30.7s 32 Total data berlabel: 6,642
30.7s 33 positive    : 2,625 (39.5%)
30.7s 34 negative    : 2,085 (31.4%)
30.7s 35 neutral     : 1,932 (29.1%)
30.7s 36 
30.7s 37 Test set index dimuat dari notebook 03 (identik).
30.7s 38 Train+Val : 5,313 | Test (FIXED): 1,329
30.7s 39 
30.7s 40 Distribusi test set:
30.7s 41 positive    : 525 (39.5%)
30.7s 42 negative    : 417 (31.4%)
30.7s 43 neutral     : 387 (29.1%)
30.7s 44 Memuat tokenizer: indobenchmark/indobert-base-p2...
30.9s 45 Warning: You are sending unauthenticated requests to the HF Hub. Please set a HF_TOKEN to enable higher rate limits and faster downloads.
30.9s 46 
30.9s 47 Warning: You are sending unauthenticated requests to the HF Hub. Please set a HF_TOKEN to enable higher rate limits and faster downloads.
31.9s 48 ✅ Tokenizer berhasil dimuat.
38.5s 49 
38.5s 50 ✅ Dataset class dan arsitektur IndoBERTOnly berhasil didefinisikan.
38.5s 51 Arsitektur: IndoBERT → [CLS] → Dropout(0.1) → Dense(3)
38.5s 52 Tanpa CNN, tanpa GlobalMaxPool, tanpa Dense intermediate
38.5s 53 ✅ Training utilities berhasil didefinisikan.
38.5s 54 Optimizer: AdamW 2 param group (weight decay exclusion pada bias & LayerNorm)
38.7s 55 Menjalankan K-Fold training — IndoBERT-only Baseline
38.7s 56 Kondisi data : S2 (identik dengan kondisi terbaik notebook 03)
38.7s 57 Config BERT  : lr=1e-05 | bs=32 | wd=0.01
38.7s 58 K-Fold       : 5 | max_epochs=10 | patience=3
38.7s 59 
38.7s 60 ───────────────────────────────────────────────────────
38.7s 61 Fold 1/5
38.7s 62 ───────────────────────────────────────────────────────
566.6s 63 ├─ Fold 1/5 → F1=0.8587 | Acc=0.8608 | best_ep=3
566.6s 64 └─ Elapsed: 8.8 menit
566.6s 65 
566.6s 66 ───────────────────────────────────────────────────────
566.6s 67 Fold 2/5
566.6s 68 ───────────────────────────────────────────────────────
1019.2s 69 ├─ Fold 2/5 → F1=0.8587 | Acc=0.8598 | best_ep=2
1019.2s 70 └─ Elapsed: 16.3 menit
1019.2s 71 
1019.2s 72 ───────────────────────────────────────────────────────
1019.2s 73 Fold 3/5
1019.2s 74 ───────────────────────────────────────────────────────
1562.4s 75 ├─ Fold 3/5 → F1=0.8571 | Acc=0.8617 | best_ep=3
1562.4s 76 └─ Elapsed: 25.4 menit
1562.4s 77 
1562.4s 78 ───────────────────────────────────────────────────────
1562.4s 79 Fold 4/5
1562.4s 80 ───────────────────────────────────────────────────────
2014.8s 81 ├─ Fold 4/5 → F1=0.8226 | Acc=0.8258 | best_ep=2
2014.8s 82 └─ Elapsed: 32.9 menit
2014.8s 83 
2014.8s 84 ───────────────────────────────────────────────────────
2014.8s 85 Fold 5/5
2014.8s 86 ───────────────────────────────────────────────────────
2467.1s 87 ├─ Fold 5/5 → F1=0.8175 | Acc=0.8211 | best_ep=2
2467.1s 88 └─ Elapsed: 40.5 menit
2467.1s 89 
2467.1s 90 =======================================================
2467.1s 91 K-FOLD SELESAI — 0.7 jam
2467.1s 92 =======================================================
2467.1s 93 F1-Macro     : 0.8429 ± 0.0188
2467.1s 94 F1-Weighted  : 0.8464 ± 0.0182
2467.1s 95 Accuracy     : 0.8458 ± 0.0184
2467.1s 96 Precision    : 0.8428 ± 0.0184
2467.1s 97 Recall       : 0.8457 ± 0.0195
2467.1s 98 
2467.1s 99 Detail per fold:
2467.1s 100 Fold 1: F1=0.8587 | Acc=0.8608 | best_ep=3
2467.1s 101 Fold 2: F1=0.8587 | Acc=0.8598 | best_ep=2
2467.1s 102 Fold 3: F1=0.8571 | Acc=0.8617 | best_ep=3
2467.1s 103 Fold 4: F1=0.8226 | Acc=0.8258 | best_ep=2
2467.1s 104 Fold 5: F1=0.8175 | Acc=0.8211 | best_ep=2
2468.0s 105 ✔ bert_only_learning_curves.png tersimpan
2468.0s 106 ✔ bert_only_kfold_stability.png tersimpan
2468.0s 107 
2468.0s 108 ✅ Visualisasi K-Fold tersimpan.
2468.2s 109 =======================================================
2468.2s 110 FINAL TRAINING & EVALUASI TEST SET
2468.2s 111 =======================================================
2468.2s 112 Arsitektur  : IndoBERT → [CLS] → Dropout(0.1) → Dense(3)
2468.2s 113 Config      : lr=1e-05 | bs=32 | wd=0.01
2468.2s 114 Kondisi     : S2 | Train+Val=5,313 | Test=1,329
3033.8s 115 Early stopping ep5
3033.8s 116 Training selesai — 9.4 menit
3043.9s 117 
3043.9s 118 =======================================================
3043.9s 119 EVALUASI FINAL — TEST SET (IndoBERT-only)
3043.9s 120 =======================================================
3043.9s 121 accuracy       : 0.8668
3043.9s 122 precision      : 0.8621
3043.9s 123 recall         : 0.8645
3043.9s 124 f1_macro       : 0.8630
3043.9s 125 f1_weighted    : 0.8674
3043.9s 126 
3043.9s 127 precision    recall  f1-score   support
3043.9s 128 
3043.9s 129 positive       0.92      0.88      0.90       525
3043.9s 130 negative       0.87      0.89      0.88       417
3043.9s 131 neutral       0.79      0.82      0.81       387
3043.9s 132 
3043.9s 133 accuracy                           0.87      1329
3043.9s 134 macro avg       0.86      0.86      0.86      1329
3043.9s 135 weighted avg       0.87      0.87      0.87      1329
3043.9s 136 
3043.9s 137 Per-class F1: positive=0.9017 | negative=0.8789 | neutral=0.8086
3044.5s 138 ✔ bert_only_cm_pair.png tersimpan
3044.5s 139 ✔ bert_only_test_predictions.csv (1,329 baris)
3044.5s 140 Accuracy: 86.68%
3045.1s 141 ✔ Model disimpan: indobert_only_final.pt
3045.1s 142 ✔ bert_only_summary.csv tersimpan
3045.1s 143 
3045.1s 144 ============================================================
3045.1s 145 RINGKASAN — IndoBERT-only Baseline
3045.1s 146 ============================================================
3045.1s 147 Arsitektur     : IndoBERT → [CLS] → Dropout → Dense(3)
3045.1s 148 Config BERT    : lr=1e-05 | bs=32 | wd=0.01
3045.1s 149 Kondisi data   : S2 (Random Undersampling)
3045.1s 150 ────────────────────────────────────────────────────────────
3045.1s 151 K-Fold F1-Macro: 0.8429 ± 0.0188
3045.1s 152 Test F1-Macro  : 0.8630
3045.1s 153 Test Accuracy  : 0.8668
3045.1s 154 Per-class F1   : pos=0.9017 | neg=0.8789 | neu=0.8086
3045.1s 155 ────────────────────────────────────────────────────────────
3045.1s 156 Perbandingan awal vs Proposed Model (IndoBERT+CNN Dual-Path):
3045.1s 157 Proposed F1-Macro : 0.8547  (nb03, kondisi S2)
3045.1s 158 Baseline F1-Macro : 0.8630
3045.1s 159 Delta F1-Macro    : -0.0083 (baseline lebih baik ⚠️)
3045.1s 160 Delta Accuracy    : -0.0098
3045.1s 161 ────────────────────────────────────────────────────────────
3045.1s 162 Output yang dihasilkan:
3045.1s 163 ✔ bert_only_epoch_history.csv                   Epoch history K-Fold
3045.1s 164 ✔ bert_only_fold_details.csv                    Metrik terbaik per fold
3045.1s 165 ✔ bert_only_final_epoch_history.csv             Epoch history final training
3045.1s 166 ✔ bert_only_learning_curves.png                 Learning curves K-Fold
3045.1s 167 ✔ bert_only_kfold_stability.png                 Box plot stabilitas K-Fold
3045.1s 168 ✔ bert_only_cm_pair.png                         Confusion matrix unnormalized + normalized
3045.1s 169 ✔ bert_only_test_predictions.csv                Prediksi per tweet + confidence
3045.1s 170 ✔ bert_only_summary.csv                         Ringkasan metrik untuk notebook 06
3045.1s 171 ✔ indobert_only_final.pt                        Model checkpoint final
3045.1s 172 
3045.1s 173 Lanjut ke Notebook 05 — ML Baseline (SVM, LR, RF)
3051.1s 174 /usr/local/lib/python3.12/dist-packages/mistune.py:435: SyntaxWarning: invalid escape sequence '\|'
3051.1s 175 cells[i][c] = re.sub('\\\\\|', '|', cell)
3051.2s 176 /usr/local/lib/python3.12/dist-packages/nbconvert/filters/filter_links.py:36: SyntaxWarning: invalid escape sequence '\_'
3051.2s 177 text = re.sub(r'_', '\_', text) # Escape underscores in display text
3051.9s 178 [NbConvertApp] Converting notebook __notebook__.ipynb to notebook
3052.3s 179 [NbConvertApp] Writing 284753 bytes to __notebook__.ipynb
3054.9s 180 [NbConvertApp] Converting notebook __notebook__.ipynb to html
3055.9s 181 [NbConvertApp] Writing 637139 bytes to __results__.html