6.3s 1 0.00s - Debugger warning: It seems that frozen modules are being used, which may
6.3s 2 0.00s - make the debugger miss breakpoints. Please pass -Xfrozen_modules=off
6.3s 3 0.00s - to python to disable frozen modules.
6.3s 4 0.00s - Note: Debugging will proceed. Set PYDEVD_DISABLE_FILE_VALIDATION=1 to disable this validation.
6.9s 5 0.00s - Debugger warning: It seems that frozen modules are being used, which may
6.9s 6 0.00s - make the debugger miss breakpoints. Please pass -Xfrozen_modules=off
6.9s 7 0.00s - to python to disable frozen modules.
6.9s 8 0.00s - Note: Debugging will proceed. Set PYDEVD_DISABLE_FILE_VALIDATION=1 to disable this validation.
7.9s 9 Environment: Kaggle Notebook
12.6s 10 ✅ GPU OK: Tesla T4 | sm_75
12.6s 11 ✅ Setup Kaggle selesai.
29.6s 12 Device  : cuda
29.6s 13 GPU     : Tesla T4
29.6s 14 VRAM    : 15.6 GB
29.6s 15 Compute : sm_75
29.6s 16 PyTorch : 2.10.0+cu128
29.7s 17 Restoring files dari mbg-training-outputs...
29.7s 18 ✔ test_set_indices.npy
29.7s 19 ✔ test_set_fixed.csv
29.7s 20 Done.
29.7s 21 ✅ Konfigurasi berhasil dimuat.
29.7s 22 Model          : indobenchmark/indobert-base-p2
29.7s 23 lr_bert        : 1e-05
29.7s 24 batch_size     : 32
29.7s 25 weight_decay   : 0.01 (non-bias/LayerNorm only)
29.7s 26 data_condition : S1
29.7s 27 K-Fold         : 5
29.7s 28 max_epochs     : 10 (early stopping patience=3)
29.7s 29 Arsitektur     : IndoBERT → [CLS] → Dropout(0.1) → Dense(3)
29.8s 30 Memuat data berlabel...
29.8s 31 Total data berlabel: 6,642
29.8s 32 positive    : 2,625 (39.5%)
29.8s 33 negative    : 2,085 (31.4%)
29.8s 34 neutral     : 1,932 (29.1%)
29.8s 35 
29.8s 36 Test set index dimuat dari notebook 03 (identik).
29.8s 37 Train+Val : 5,313 | Test (FIXED): 1,329
29.8s 38 
29.8s 39 Distribusi test set:
29.8s 40 positive    : 525 (39.5%)
29.8s 41 negative    : 417 (31.4%)
29.8s 42 neutral     : 387 (29.1%)
29.8s 43 Memuat tokenizer: indobenchmark/indobert-base-p2...
30.0s 44 Warning: You are sending unauthenticated requests to the HF Hub. Please set a HF_TOKEN to enable higher rate limits and faster downloads.
30.0s 45 
30.0s 46 Warning: You are sending unauthenticated requests to the HF Hub. Please set a HF_TOKEN to enable higher rate limits and faster downloads.
30.9s 47 ✅ Tokenizer berhasil dimuat.
30.9s 48 ✅ Dataset class dan arsitektur IndoBERTOnly berhasil didefinisikan.
30.9s 49 Arsitektur: IndoBERT → [CLS] token → Dropout(0.1) → Dense(3)
30.9s 50 Tanpa CNN, tanpa GlobalMaxPool, tanpa Dense(256) intermediate
30.9s 51 ✅ Training utilities berhasil didefinisikan.
30.9s 52 Optimizer: AdamW 2 param group (weight decay exclusion pada bias & LayerNorm)
31.1s 53 Menjalankan K-Fold training — IndoBERT-only Baseline
31.1s 54 Kondisi data : S1 (identik dengan kondisi terbaik notebook 03)
31.1s 55 Config BERT  : lr=1e-05 | bs=32 | wd=0.01
31.1s 56 K-Fold       : 5 | max_epochs=10 | patience=3
31.1s 57 
31.1s 58 ───────────────────────────────────────────────────────
31.1s 59 Fold 1/5
31.1s 60 ───────────────────────────────────────────────────────
560.2s 61 ├─ Fold 1/5 → F1=0.8491 | Acc=0.8523 | best_ep=2
560.2s 62 └─ Elapsed: 8.8 menit
560.2s 63 
560.2s 64 ───────────────────────────────────────────────────────
560.2s 65 Fold 2/5
560.2s 66 ───────────────────────────────────────────────────────
1087.2s 67 ├─ Fold 2/5 → F1=0.8399 | Acc=0.8438 | best_ep=2
1087.2s 68 └─ Elapsed: 17.6 menit
1087.2s 69 
1087.2s 70 ───────────────────────────────────────────────────────
1087.2s 71 Fold 3/5
1087.2s 72 ───────────────────────────────────────────────────────
1613.8s 73 ├─ Fold 3/5 → F1=0.8639 | Acc=0.8664 | best_ep=2
1613.8s 74 └─ Elapsed: 26.4 menit
1613.8s 75 
1613.8s 76 ───────────────────────────────────────────────────────
1613.8s 77 Fold 4/5
1613.8s 78 ───────────────────────────────────────────────────────
2141.3s 79 ├─ Fold 4/5 → F1=0.8408 | Acc=0.8427 | best_ep=2
2141.3s 80 └─ Elapsed: 35.2 menit
2141.3s 81 
2141.3s 82 ───────────────────────────────────────────────────────
2141.3s 83 Fold 5/5
2141.3s 84 ───────────────────────────────────────────────────────
2668.5s 85 ├─ Fold 5/5 → F1=0.8331 | Acc=0.8371 | best_ep=2
2668.5s 86 └─ Elapsed: 44.0 menit
2668.5s 87 
2668.5s 88 =======================================================
2668.5s 89 K-FOLD SELESAI — 0.7 jam
2668.5s 90 =======================================================
2668.5s 91 F1-Macro     : 0.8454 ± 0.0106
2668.5s 92 F1-Weighted  : 0.8491 ± 0.0100
2668.5s 93 Accuracy     : 0.8485 ± 0.0102
2668.5s 94 Precision    : 0.8451 ± 0.0110
2668.5s 95 Recall       : 0.8474 ± 0.0105
2668.5s 96 
2668.5s 97 Detail per fold:
2668.5s 98 Fold 1: F1=0.8491 | Acc=0.8523 | best_ep=2
2668.5s 99 Fold 2: F1=0.8399 | Acc=0.8438 | best_ep=2
2668.5s 100 Fold 3: F1=0.8639 | Acc=0.8664 | best_ep=2
2668.5s 101 Fold 4: F1=0.8408 | Acc=0.8427 | best_ep=2
2668.5s 102 Fold 5: F1=0.8331 | Acc=0.8371 | best_ep=2
2669.6s 103 ✔ Visualisasi K-Fold tersimpan.
2669.8s 104 =======================================================
2669.8s 105 FINAL TRAINING & EVALUASI TEST SET
2669.8s 106 =======================================================
2669.8s 107 Arsitektur  : IndoBERT → [CLS] → Dropout(0.1) → Dense(3)
2669.8s 108 Config      : lr=1e-05 | bs=32 | wd=0.01
2669.8s 109 Kondisi     : S1 | Train+Val=5,313 | Test=1,329
3328.0s 110 Early stopping ep5
3328.0s 111 Training selesai — 11.0 menit
3338.5s 112 
3338.5s 113 =======================================================
3338.5s 114 EVALUASI FINAL — TEST SET (IndoBERT-only)
3338.5s 115 =======================================================
3338.5s 116 accuracy       : 0.8570
3338.5s 117 precision      : 0.8562
3338.5s 118 recall         : 0.8502
3338.5s 119 f1_macro       : 0.8497
3338.5s 120 f1_weighted    : 0.8549
3338.5s 121 
3338.5s 122 precision    recall  f1-score   support
3338.5s 123 
3338.5s 124 positive       0.89      0.90      0.89       525
3338.5s 125 negative       0.82      0.94      0.87       417
3338.5s 126 neutral       0.86      0.72      0.78       387
3338.5s 127 
3338.5s 128 accuracy                           0.86      1329
3338.5s 129 macro avg       0.86      0.85      0.85      1329
3338.5s 130 weighted avg       0.86      0.86      0.85      1329
3338.5s 131 
3338.5s 132 Per-class F1: positive=0.8946 | negative=0.8715 | neutral=0.7831
3339.1s 133 ✔ Confusion matrix pair disimpan.
3339.1s 134 ✔ bert_only_test_predictions.csv (1,329 baris)
3339.1s 135 Accuracy: 85.70%
3339.5s 136 ✔ Model disimpan: indobert_only_final.pt
3339.6s 137 ============================================================
3339.6s 138 RINGKASAN — IndoBERT-only Baseline
3339.6s 139 ============================================================
3339.6s 140 Arsitektur     : IndoBERT → [CLS] → Dropout → Dense(3)
3339.6s 141 Config BERT    : lr=1e-05 | bs=32 | wd=0.01
3339.6s 142 Kondisi data   : S1 (class weighting)
3339.6s 143 ────────────────────────────────────────────────────────────
3339.6s 144 K-Fold F1-Macro: 0.8454 ± 0.0106
3339.6s 145 Test F1-Macro  : 0.8497
3339.6s 146 Test Accuracy  : 0.8570
3339.6s 147 Per-class F1   : pos=0.8946 | neg=0.8715 | neu=0.7831
3339.6s 148 ────────────────────────────────────────────────────────────
3339.6s 149 Perbandingan awal vs Proposed Model (IndoBERT+CNN):
3339.6s 150 Proposed F1-Macro : 0.8453
3339.6s 151 Baseline F1-Macro : 0.8497
3339.6s 152 Delta F1-Macro    : -0.0044 (baseline lebih baik ⚠️)
3339.6s 153 Delta Accuracy    : -0.0075
3339.6s 154 ============================================================
3339.6s 155 
3339.6s 156 Output yang dihasilkan:
3339.6s 157 ✔ bert_only_epoch_history.csv                   Epoch history K-Fold
3339.6s 158 ✔ bert_only_fold_details.csv                    Metrik terbaik per fold
3339.6s 159 ✔ bert_only_final_epoch_history.csv             Epoch history final training
3339.6s 160 ✔ bert_only_learning_curves.png                 Learning curves K-Fold
3339.6s 161 ✔ bert_only_kfold_stability.png                 Box plot stabilitas K-Fold
3339.6s 162 ✔ bert_only_cm_pair.png                         Confusion matrix unnormalized + normalized
3339.6s 163 ✔ bert_only_test_predictions.csv                Prediksi per tweet + confidence
3339.6s 164 ✔ bert_only_summary.csv                         Ringkasan metrik untuk notebook 06
3339.6s 165 ✔ indobert_only_final.pt                        Model checkpoint final
3339.6s 166 
3339.6s 167 Lanjut ke Notebook 05 — ML Baseline (SVM, LR, RF)
3344.7s 168 /usr/local/lib/python3.12/dist-packages/mistune.py:435: SyntaxWarning: invalid escape sequence '\|'
3344.7s 169 cells[i][c] = re.sub('\\\\\|', '|', cell)
3344.8s 170 /usr/local/lib/python3.12/dist-packages/nbconvert/filters/filter_links.py:36: SyntaxWarning: invalid escape sequence '\_'
3344.8s 171 text = re.sub(r'_', '\_', text) # Escape underscores in display text
3345.4s 172 [NbConvertApp] Converting notebook __notebook__.ipynb to notebook
3345.8s 173 [NbConvertApp] Writing 528795 bytes to __notebook__.ipynb
3348.1s 174 [NbConvertApp] Converting notebook __notebook__.ipynb to html
3349.0s 175 [NbConvertApp] Support files will be in __results___files/
3349.0s 176 [NbConvertApp] Making directory __results___files
3349.0s 177 [NbConvertApp] Making directory __results___files
3349.0s 178 [NbConvertApp] Making directory __results___files
3349.0s 179 [NbConvertApp] Writing 625975 bytes to __results__.html