6.5s 1 0.00s - Debugger warning: It seems that frozen modules are being used, which may
6.5s 2 0.00s - make the debugger miss breakpoints. Please pass -Xfrozen_modules=off
6.5s 3 0.00s - to python to disable frozen modules.
6.5s 4 0.00s - Note: Debugging will proceed. Set PYDEVD_DISABLE_FILE_VALIDATION=1 to disable this validation.
7.1s 5 0.00s - Debugger warning: It seems that frozen modules are being used, which may
7.1s 6 0.00s - make the debugger miss breakpoints. Please pass -Xfrozen_modules=off
7.1s 7 0.00s - to python to disable frozen modules.
7.1s 8 0.00s - Note: Debugging will proceed. Set PYDEVD_DISABLE_FILE_VALIDATION=1 to disable this validation.
8.2s 9 Environment: Google Colab
13.1s 10 ✅ GPU OK: Tesla T4 | compute capability: sm_75
13.1s 11 ✅ Setup Kaggle selesai.
30.8s 12 Device  : cuda
30.8s 13 GPU     : Tesla T4
30.8s 14 VRAM    : 15.6 GB
30.8s 15 Compute : sm_75
30.8s 16 PyTorch : 2.10.0+cu128
30.9s 17 Restoring files dari mbg-training-outputs...
30.9s 18 ✔ test_set_indices.npy
30.9s 19 ✔ test_set_fixed.csv
30.9s 20 ✔ phase1_results.csv
30.9s 21 ✔ phase1_epoch_history.csv
30.9s 22 ✔ phase1_fold_details.csv
30.9s 23 ✔ phase1_summary_top10.csv
30.9s 24 ✔ phase2A_results.csv
30.9s 25 ✔ phase2A_epoch_history.csv
30.9s 26 ✔ phase2A_fold_details.csv
30.9s 27 Restoring process done!
30.9s 28 ✅ Konfigurasi berhasil dimuat.
30.9s 29 Phase 1   : 12 kombinasi × 5 fold = 60 runs  (~9–10 jam)
30.9s 30 Phase 2A  : 12 kombinasi × 5 fold = 60 runs  (~9 jam)
30.9s 31 Phase 2B  : 12 kombinasi × 5 fold = 60 runs  (~9 jam)
30.9s 32 Phase 3   : 2 kondisi × 5 fold = 10 runs + eval (~3 jam)
30.9s 33 Total     : ~190 runs (~30 jam)
31.0s 34 
31.0s 35 Verifikasi file yang di-restore:
31.0s 36 File                                                Size Status
31.0s 37 ──────────────────────────────────────────────────────────────────────
31.0s 38 ✔ test_set_indices.npy                          10.5 KB | 1329 indices | 2026-05-02 01:43
31.0s 39 ✔ test_set_fixed.csv                           621.1 KB | 1329 baris | 2026-05-02 01:43
31.0s 40 ✔ phase1_results.csv                             1.5 KB | 12 baris | 2026-05-02 01:43
31.0s 41 ✔ phase1_epoch_history.csv                      26.0 KB | 281 baris | 2026-05-02 01:43
31.0s 42 ✔ phase1_fold_details.csv                        4.5 KB | 60 baris | 2026-05-02 01:43
31.0s 43 ✔ phase1_summary_top10.csv                       0.7 KB | 10 baris | 2026-05-02 01:43
31.0s 44 ✔ phase2A_results.csv                            1.7 KB | 12 baris | 2026-05-02 01:43
31.0s 45 ✔ phase2A_epoch_history.csv                     32.0 KB | 317 baris | 2026-05-02 01:43
31.0s 46 ✔ phase2A_fold_details.csv                       5.0 KB | 60 baris | 2026-05-02 01:43
31.0s 47 ──────────────────────────────────────────────────────────────────────
31.0s 48 Total file diverifikasi: 9
31.0s 49 Memuat data berlabel...
31.1s 50 Total data berlabel: 6,642
31.1s 51 positive    : 2,625 (39.5%)
31.1s 52 negative    : 2,085 (31.4%)
31.1s 53 neutral     : 1,932 (29.1%)
31.1s 54 
31.1s 55 Test set index dimuat dari file existing.
31.1s 56 Train+Val : 5,313 | Test (FIXED): 1,329
31.1s 57 Distribusi test set:
31.1s 58 positive    : 525 (39.5%)
31.1s 59 negative    : 417 (31.4%)
31.1s 60 neutral     : 387 (29.1%)
31.2s 61 Memuat tokenizer: indobenchmark/indobert-base-p2...
31.4s 62 Warning: You are sending unauthenticated requests to the HF Hub. Please set a HF_TOKEN to enable higher rate limits and faster downloads.
31.4s 63 
31.4s 64 Warning: You are sending unauthenticated requests to the HF Hub. Please set a HF_TOKEN to enable higher rate limits and faster downloads.
32.0s 65 ✅ Tokenizer berhasil dimuat.
32.0s 66 ✅ Dataset class dan arsitektur IndoBERTCNN berhasil didefinisikan.
32.0s 67 Activation candidates: relu | gelu | elu
32.0s 68 Fixed: GlobalMaxPool, Dense(256), padding=kernel_size//2
32.1s 69 ✅ Training utilities berhasil didefinisikan.
32.1s 70 Optimizer  : AdamW differential LR + weight decay exclusion
32.1s 71 Activation : relu | gelu | elu (Phase 2)
32.1s 72 Recording  : epoch_history (semua kombinasi) + fold_details
32.2s 73 Phase 2B: 12 kombinasi × 5 fold = 60 runs
32.2s 74 BERT fixed: lr_bert=1e-05 | lr_cnn=0.0001 | bs=32 | wd=0.01
32.2s 75 [01] ngram=[2, 3, 4] | filter=128 | dropout=0.3 | act=relu
32.2s 76 [02] ngram=[2, 3, 4] | filter=128 | dropout=0.3 | act=gelu
32.2s 77 [03] ngram=[2, 3, 4] | filter=128 | dropout=0.3 | act=elu
32.2s 78 [04] ngram=[2, 3, 4] | filter=128 | dropout=0.5 | act=relu
32.2s 79 [05] ngram=[2, 3, 4] | filter=128 | dropout=0.5 | act=gelu
32.2s 80 [06] ngram=[2, 3, 4] | filter=128 | dropout=0.5 | act=elu
32.2s 81 [07] ngram=[2, 3, 4] | filter=256 | dropout=0.3 | act=relu
32.2s 82 [08] ngram=[2, 3, 4] | filter=256 | dropout=0.3 | act=gelu
32.2s 83 [09] ngram=[2, 3, 4] | filter=256 | dropout=0.3 | act=elu
32.2s 84 [10] ngram=[2, 3, 4] | filter=256 | dropout=0.5 | act=relu
32.2s 85 [11] ngram=[2, 3, 4] | filter=256 | dropout=0.5 | act=gelu
32.2s 86 [12] ngram=[2, 3, 4] | filter=256 | dropout=0.5 | act=elu
32.3s 87 
32.3s 88 ─────────────────────────────────────────────────────────────────
32.3s 89 [01/12] ng=[2, 3, 4]_f=128_dr=0.3_relu
32.3s 90 ─────────────────────────────────────────────────────────────────
710.1s 91 ├─ Fold 1/5 → F1=0.8555 | Acc=0.8579 | best_ep=3
1283.0s 92 ├─ Fold 2/5 → F1=0.8580 | Acc=0.8598 | best_ep=2
1856.6s 93 ├─ Fold 3/5 → F1=0.8538 | Acc=0.8570 | best_ep=2
2429.0s 94 ├─ Fold 4/5 → F1=0.8371 | Acc=0.8409 | best_ep=2
3001.9s 95 ├─ Fold 5/5 → F1=0.8286 | Acc=0.8324 | best_ep=2
3001.9s 96 └─ SELESAI | F1-Macro: 0.8466 ± 0.0116
3001.9s 97 Acc=0.8496 | Prec=0.8460 | Rec=0.8490
3001.9s 98 Waktu: 49.5 menit | Sisa: 9j 4m (11 tersisa)
3001.9s 99 ✔ Progress disimpan
3001.9s 100 
3001.9s 101 ─────────────────────────────────────────────────────────────────
3001.9s 102 [02/12] ng=[2, 3, 4]_f=128_dr=0.3_gelu
3001.9s 103 ─────────────────────────────────────────────────────────────────
3575.7s 104 ├─ Fold 1/5 → F1=0.8461 | Acc=0.8485 | best_ep=2
4148.7s 105 ├─ Fold 2/5 → F1=0.8488 | Acc=0.8514 | best_ep=2
4722.0s 106 ├─ Fold 3/5 → F1=0.8592 | Acc=0.8664 | best_ep=2
5294.6s 107 ├─ Fold 4/5 → F1=0.8320 | Acc=0.8362 | best_ep=2
5868.1s 108 ├─ Fold 5/5 → F1=0.8221 | Acc=0.8296 | best_ep=2
5868.1s 109 └─ SELESAI | F1-Macro: 0.8416 ± 0.0131
5868.1s 110 Acc=0.8464 | Prec=0.8444 | Rec=0.8436
5868.1s 111 Waktu: 47.8 menit | Sisa: 8j 6m (10 tersisa)
5868.1s 112 ✔ Progress disimpan
5868.1s 113 
5868.1s 114 ─────────────────────────────────────────────────────────────────
5868.1s 115 [03/12] ng=[2, 3, 4]_f=128_dr=0.3_elu
5868.1s 116 ─────────────────────────────────────────────────────────────────
6438.8s 117 ├─ Fold 1/5 → F1=0.8460 | Acc=0.8514 | best_ep=2
7010.9s 118 ├─ Fold 2/5 → F1=0.8380 | Acc=0.8420 | best_ep=2
7697.0s 119 ├─ Fold 3/5 → F1=0.8531 | Acc=0.8570 | best_ep=3
8267.9s 120 ├─ Fold 4/5 → F1=0.8267 | Acc=0.8296 | best_ep=2
8839.4s 121 ├─ Fold 5/5 → F1=0.8279 | Acc=0.8286 | best_ep=2
8839.4s 122 └─ SELESAI | F1-Macro: 0.8383 ± 0.0102
8839.4s 123 Acc=0.8417 | Prec=0.8403 | Rec=0.8393
8839.4s 124 Waktu: 49.5 menit | Sisa: 7j 20m (9 tersisa)
8839.4s 125 ✔ Progress disimpan
8839.4s 126 
8839.4s 127 ─────────────────────────────────────────────────────────────────
8839.4s 128 [04/12] ng=[2, 3, 4]_f=128_dr=0.5_relu
8839.4s 129 ─────────────────────────────────────────────────────────────────
9407.6s 130 ├─ Fold 1/5 → F1=0.8394 | Acc=0.8429 | best_ep=2
10089.7s 131 ├─ Fold 2/5 → F1=0.8553 | Acc=0.8589 | best_ep=3
10772.9s 132 ├─ Fold 3/5 → F1=0.8550 | Acc=0.8570 | best_ep=3
11342.3s 133 ├─ Fold 4/5 → F1=0.8348 | Acc=0.8371 | best_ep=2
11911.4s 134 ├─ Fold 5/5 → F1=0.8207 | Acc=0.8220 | best_ep=2
11911.4s 135 └─ SELESAI | F1-Macro: 0.8410 ± 0.0131
11911.4s 136 Acc=0.8436 | Prec=0.8416 | Rec=0.8451
11911.4s 137 Waktu: 51.2 menit | Sisa: 6j 35m (8 tersisa)
11911.4s 138 ✔ Progress disimpan
11911.4s 139 
11911.4s 140 ─────────────────────────────────────────────────────────────────
11911.4s 141 [05/12] ng=[2, 3, 4]_f=128_dr=0.5_gelu
11911.4s 142 ─────────────────────────────────────────────────────────────────
12481.9s 143 ├─ Fold 1/5 → F1=0.8432 | Acc=0.8448 | best_ep=2
13167.0s 144 ├─ Fold 2/5 → F1=0.8507 | Acc=0.8542 | best_ep=3
13852.3s 145 ├─ Fold 3/5 → F1=0.8666 | Acc=0.8692 | best_ep=3
14423.7s 146 ├─ Fold 4/5 → F1=0.8264 | Acc=0.8267 | best_ep=2
14995.2s 147 ├─ Fold 5/5 → F1=0.8245 | Acc=0.8305 | best_ep=2
14995.2s 148 └─ SELESAI | F1-Macro: 0.8423 ± 0.0157
14995.2s 149 Acc=0.8451 | Prec=0.8431 | Rec=0.8461
14995.2s 150 Waktu: 51.4 menit | Sisa: 5j 49m (7 tersisa)
14995.2s 151 ✔ Progress disimpan
14995.2s 152 
14995.2s 153 ─────────────────────────────────────────────────────────────────
14995.2s 154 [06/12] ng=[2, 3, 4]_f=128_dr=0.5_elu
14995.2s 155 ─────────────────────────────────────────────────────────────────
15563.7s 156 ├─ Fold 1/5 → F1=0.8520 | Acc=0.8561 | best_ep=2
16132.5s 157 ├─ Fold 2/5 → F1=0.8391 | Acc=0.8457 | best_ep=2
16814.0s 158 ├─ Fold 3/5 → F1=0.8714 | Acc=0.8749 | best_ep=3
17383.8s 159 ├─ Fold 4/5 → F1=0.8203 | Acc=0.8211 | best_ep=2
17953.2s 160 ├─ Fold 5/5 → F1=0.8326 | Acc=0.8352 | best_ep=2
17953.2s 161 └─ SELESAI | F1-Macro: 0.8431 ± 0.0175
17953.2s 162 Acc=0.8466 | Prec=0.8449 | Rec=0.8457
17953.2s 163 Waktu: 49.3 menit | Sisa: 4j 58m (6 tersisa)
17953.2s 164 ✔ Progress disimpan
17953.2s 165 
17953.2s 166 ─────────────────────────────────────────────────────────────────
17953.2s 167 [07/12] ng=[2, 3, 4]_f=256_dr=0.3_relu
17953.2s 168 ─────────────────────────────────────────────────────────────────
18532.3s 169 ├─ Fold 1/5 → F1=0.8485 | Acc=0.8514 | best_ep=2
19111.5s 170 ├─ Fold 2/5 → F1=0.8490 | Acc=0.8542 | best_ep=2
19690.7s 171 ├─ Fold 3/5 → F1=0.8685 | Acc=0.8711 | best_ep=2
20385.4s 172 ├─ Fold 4/5 → F1=0.8349 | Acc=0.8371 | best_ep=3
20965.6s 173 ├─ Fold 5/5 → F1=0.8336 | Acc=0.8409 | best_ep=2
20965.6s 174 └─ SELESAI | F1-Macro: 0.8469 ± 0.0126
20965.6s 175 Acc=0.8509 | Prec=0.8479 | Rec=0.8494
20965.6s 176 Waktu: 50.2 menit | Sisa: 4j 9m (5 tersisa)
20965.6s 177 ✔ Progress disimpan
20965.6s 178 
20965.6s 179 ─────────────────────────────────────────────────────────────────
20965.6s 180 [08/12] ng=[2, 3, 4]_f=256_dr=0.3_gelu
20965.6s 181 ─────────────────────────────────────────────────────────────────
21662.0s 182 ├─ Fold 1/5 → F1=0.8534 | Acc=0.8579 | best_ep=3
22242.4s 183 ├─ Fold 2/5 → F1=0.8456 | Acc=0.8485 | best_ep=2
22821.9s 184 ├─ Fold 3/5 → F1=0.8604 | Acc=0.8655 | best_ep=2
23402.9s 185 ├─ Fold 4/5 → F1=0.8185 | Acc=0.8249 | best_ep=2
23982.4s 186 ├─ Fold 5/5 → F1=0.8257 | Acc=0.8305 | best_ep=2
23982.4s 187 └─ SELESAI | F1-Macro: 0.8407 ± 0.0161
23982.4s 188 Acc=0.8455 | Prec=0.8424 | Rec=0.8431
23982.4s 189 Waktu: 50.3 menit | Sisa: 3j 19m (4 tersisa)
23982.4s 190 ✔ Progress disimpan
23982.4s 191 
23982.4s 192 ─────────────────────────────────────────────────────────────────
23982.4s 193 [09/12] ng=[2, 3, 4]_f=256_dr=0.3_elu
23982.4s 194 ─────────────────────────────────────────────────────────────────
24562.9s 195 ├─ Fold 1/5 → F1=0.8407 | Acc=0.8485 | best_ep=2
25141.3s 196 ├─ Fold 2/5 → F1=0.8530 | Acc=0.8551 | best_ep=2
25719.6s 197 ├─ Fold 3/5 → F1=0.8426 | Acc=0.8429 | best_ep=2
26183.3s 198 ├─ Fold 4/5 → F1=0.8180 | Acc=0.8230 | best_ep=1
26647.0s 199 ├─ Fold 5/5 → F1=0.8298 | Acc=0.8333 | best_ep=1
26647.0s 200 └─ SELESAI | F1-Macro: 0.8368 ± 0.0119
26647.0s 201 Acc=0.8406 | Prec=0.8395 | Rec=0.8390
26647.0s 202 Waktu: 44.4 menit | Sisa: 2j 27m (3 tersisa)
26647.0s 203 ✔ Progress disimpan
26647.0s 204 
26647.0s 205 ─────────────────────────────────────────────────────────────────
26647.0s 206 [10/12] ng=[2, 3, 4]_f=256_dr=0.5_relu
26647.0s 207 ─────────────────────────────────────────────────────────────────
27340.3s 208 ├─ Fold 1/5 → F1=0.8607 | Acc=0.8636 | best_ep=3
28033.3s 209 ├─ Fold 2/5 → F1=0.8473 | Acc=0.8514 | best_ep=3
28610.8s 210 ├─ Fold 3/5 → F1=0.8544 | Acc=0.8589 | best_ep=2
29188.1s 211 ├─ Fold 4/5 → F1=0.8299 | Acc=0.8315 | best_ep=2
29882.1s 212 ├─ Fold 5/5 → F1=0.8360 | Acc=0.8390 | best_ep=3
29882.1s 213 └─ SELESAI | F1-Macro: 0.8457 ± 0.0114
29882.1s 214 Acc=0.8489 | Prec=0.8452 | Rec=0.8478
29882.1s 215 Waktu: 53.9 menit | Sisa: 1j 39m (2 tersisa)
29882.1s 216 ✔ Progress disimpan
29882.1s 217 
29882.1s 218 ─────────────────────────────────────────────────────────────────
29882.1s 219 [11/12] ng=[2, 3, 4]_f=256_dr=0.5_gelu
29882.1s 220 ─────────────────────────────────────────────────────────────────
30576.4s 221 ├─ Fold 1/5 → F1=0.8523 | Acc=0.8542 | best_ep=3
31271.8s 222 ├─ Fold 2/5 → F1=0.8609 | Acc=0.8627 | best_ep=3
31850.8s 223 ├─ Fold 3/5 → F1=0.8575 | Acc=0.8608 | best_ep=2
32430.0s 224 ├─ Fold 4/5 → F1=0.8227 | Acc=0.8277 | best_ep=2
33009.5s 225 ├─ Fold 5/5 → F1=0.8247 | Acc=0.8258 | best_ep=2
33009.5s 226 └─ SELESAI | F1-Macro: 0.8436 ± 0.0165
33009.5s 227 Acc=0.8462 | Prec=0.8450 | Rec=0.8462
33009.5s 228 Waktu: 52.1 menit | Sisa: 0j 49m (1 tersisa)
33009.5s 229 ✔ Progress disimpan
33009.5s 230 
33009.5s 231 ─────────────────────────────────────────────────────────────────
33009.5s 232 [12/12] ng=[2, 3, 4]_f=256_dr=0.5_elu
33009.5s 233 ─────────────────────────────────────────────────────────────────
33586.3s 234 ├─ Fold 1/5 → F1=0.8434 | Acc=0.8448 | best_ep=2
34163.9s 235 ├─ Fold 2/5 → F1=0.8530 | Acc=0.8561 | best_ep=2
34855.6s 236 ├─ Fold 3/5 → F1=0.8586 | Acc=0.8608 | best_ep=3
35433.1s 237 ├─ Fold 4/5 → F1=0.8251 | Acc=0.8286 | best_ep=2
36010.5s 238 ├─ Fold 5/5 → F1=0.8333 | Acc=0.8380 | best_ep=2
36010.5s 239 └─ SELESAI | F1-Macro: 0.8427 ± 0.0123
36010.5s 240 Acc=0.8457 | Prec=0.8433 | Rec=0.8448
36010.5s 241 Waktu: 50.0 menit | Sisa: 0j 0m (0 tersisa)
36010.5s 242 ✔ Progress disimpan
36010.5s 243 
36010.5s 244 =================================================================
36010.5s 245 PHASE 2B SELESAI — 10.0 jam
36010.5s 246 =================================================================
36010.5s 247 HASIL GABUNGAN Phase 2A + 2B (top-10):
36010.5s 248 combo_id batch     ngram  filter_size  dropout activation  f1_macro  f1_macro_std  f1_weighted  accuracy  precision  recall
36010.5s 249 7     A [1, 2, 3]          256      0.3       relu    0.8515        0.0125       0.8546    0.8541     0.8512  0.8552
36010.5s 250 107     B [2, 3, 4]          256      0.3       relu    0.8469        0.0126       0.8506    0.8509     0.8479  0.8494
36010.5s 251 101     B [2, 3, 4]          128      0.3       relu    0.8466        0.0116       0.8502    0.8496     0.8460  0.8490
36010.5s 252 110     B [2, 3, 4]          256      0.5       relu    0.8457        0.0114       0.8493    0.8489     0.8452  0.8478
36010.5s 253 10     A [1, 2, 3]          256      0.5       relu    0.8447        0.0113       0.8483    0.8481     0.8447  0.8468
36010.5s 254 11     A [1, 2, 3]          256      0.5       gelu    0.8444        0.0115       0.8478    0.8470     0.8457  0.8479
36010.5s 255 6     A [1, 2, 3]          128      0.5        elu    0.8439        0.0125       0.8480    0.8483     0.8449  0.8456
36010.5s 256 111     B [2, 3, 4]          256      0.5       gelu    0.8436        0.0165       0.8471    0.8462     0.8450  0.8462
36010.5s 257 4     A [1, 2, 3]          128      0.5       relu    0.8435        0.0148       0.8471    0.8468     0.8430  0.8453
36010.5s 258 106     B [2, 3, 4]          128      0.5        elu    0.8431        0.0175       0.8469    0.8466     0.8449  0.8457
36010.5s 259 
36010.5s 260 CNN Config Terbaik (dari semua 24 kombinasi):
36010.5s 261 batch=A | ngram=[1, 2, 3] | filter=256
36010.5s 262 dropout=0.3 | activation=relu
36010.5s 263 F1-Macro: 0.8515 ± 0.0125
36010.5s 264 
36010.5s 265 ⚠️  Update BEST_NGRAM, BEST_FILTER, BEST_DROPOUT, BEST_ACTIVATION sebelum Phase 3!
36012.9s 266 ✔ Learning curve: phase2_learning_curves_best.png
36013.3s 267 ✔ Stabilitas K-Fold: phase2_kfold_stability.png
36013.3s 268 ✔ Semua visualisasi Phase 2 tersimpan.
36018.9s 269 /usr/local/lib/python3.12/dist-packages/mistune.py:435: SyntaxWarning: invalid escape sequence '\|'
36018.9s 270 cells[i][c] = re.sub('\\\\\|', '|', cell)
36019.1s 271 /usr/local/lib/python3.12/dist-packages/nbconvert/filters/filter_links.py:36: SyntaxWarning: invalid escape sequence '\_'
36019.1s 272 text = re.sub(r'_', '\_', text) # Escape underscores in display text
36019.7s 273 [NbConvertApp] Converting notebook __notebook__.ipynb to notebook
36020.4s 274 [NbConvertApp] Writing 1736268 bytes to __notebook__.ipynb
36022.8s 275 [NbConvertApp] Converting notebook __notebook__.ipynb to html
36024.0s 276 [NbConvertApp] Support files will be in __results___files/
36024.0s 277 [NbConvertApp] Making directory __results___files
36024.0s 278 [NbConvertApp] Making directory __results___files
36024.0s 279 [NbConvertApp] Writing 1735413 bytes to __results__.html