6.5s 1 0.00s - Debugger warning: It seems that frozen modules are being used, which may
6.5s 2 0.00s - make the debugger miss breakpoints. Please pass -Xfrozen_modules=off
6.5s 3 0.00s - to python to disable frozen modules.
6.5s 4 0.00s - Note: Debugging will proceed. Set PYDEVD_DISABLE_FILE_VALIDATION=1 to disable this validation.
7.1s 5 0.00s - Debugger warning: It seems that frozen modules are being used, which may
7.1s 6 0.00s - make the debugger miss breakpoints. Please pass -Xfrozen_modules=off
7.1s 7 0.00s - to python to disable frozen modules.
7.1s 8 0.00s - Note: Debugging will proceed. Set PYDEVD_DISABLE_FILE_VALIDATION=1 to disable this validation.
8.2s 9 Environment: Google Colab
12.9s 10 ✅ GPU OK: Tesla T4 | compute capability: sm_75
12.9s 11 ✅ Setup Kaggle selesai.
31.3s 12 Device  : cuda
31.3s 13 GPU     : Tesla T4
31.3s 14 VRAM    : 15.6 GB
31.3s 15 Compute : sm_75
31.3s 16 PyTorch : 2.10.0+cu128
31.4s 17 Restoring files dari mbg-training-outputs...
31.4s 18 ✔ test_set_indices.npy
31.4s 19 ✔ test_set_fixed.csv
31.4s 20 ✔ phase1_results.csv
31.4s 21 ✔ phase1_epoch_history.csv
31.4s 22 ✔ phase1_fold_details.csv
31.4s 23 ✔ phase1_summary_top10.csv
31.4s 24 Restoring process done!
31.4s 25 ✅ Konfigurasi berhasil dimuat.
31.4s 26 Phase 1   : 12 kombinasi × 5 fold = 60 runs  (~9–10 jam)
31.4s 27 Phase 2A  : 12 kombinasi × 5 fold = 60 runs  (~9 jam)
31.4s 28 Phase 2B  : 12 kombinasi × 5 fold = 60 runs  (~9 jam)
31.4s 29 Phase 3   : 2 kondisi × 5 fold = 10 runs + eval (~3 jam)
31.4s 30 Total     : ~190 runs (~30 jam)
31.5s 31 
31.5s 32 Verifikasi file yang di-restore:
31.5s 33 File                                                Size Status
31.5s 34 ──────────────────────────────────────────────────────────────────────
31.5s 35 ✔ test_set_indices.npy                          10.5 KB | 1329 indices | 2026-04-29 18:09
31.5s 36 ✔ test_set_fixed.csv                           621.1 KB | 1329 baris | 2026-04-29 18:09
31.5s 37 ✔ phase1_results.csv                             1.5 KB | 12 baris | 2026-04-29 18:09
31.5s 38 ✔ phase1_epoch_history.csv                      26.0 KB | 281 baris | 2026-04-29 18:09
31.5s 39 ✔ phase1_fold_details.csv                        4.5 KB | 60 baris | 2026-04-29 18:09
31.5s 40 ✔ phase1_summary_top10.csv                       0.7 KB | 10 baris | 2026-04-29 18:09
31.5s 41 ──────────────────────────────────────────────────────────────────────
31.5s 42 Total file diverifikasi: 6
31.5s 43 Memuat data berlabel...
31.6s 44 Total data berlabel: 6,642
31.6s 45 positive    : 2,625 (39.5%)
31.6s 46 negative    : 2,085 (31.4%)
31.6s 47 neutral     : 1,932 (29.1%)
31.6s 48 
31.6s 49 Test set index dimuat dari file existing.
31.6s 50 Train+Val : 5,313 | Test (FIXED): 1,329
31.6s 51 Distribusi test set:
31.6s 52 positive    : 525 (39.5%)
31.6s 53 negative    : 417 (31.4%)
31.6s 54 neutral     : 387 (29.1%)
31.6s 55 Memuat tokenizer: indobenchmark/indobert-base-p2...
32.5s 56 ✅ Tokenizer berhasil dimuat.
32.5s 57 ✅ Dataset class dan arsitektur IndoBERTCNN berhasil didefinisikan.
32.5s 58 Activation candidates: relu | gelu | elu
32.5s 59 Fixed: GlobalMaxPool, Dense(256), padding=kernel_size//2
32.5s 60 ✅ Training utilities berhasil didefinisikan.
32.5s 61 Optimizer  : AdamW differential LR + weight decay exclusion
32.5s 62 Activation : relu | gelu | elu (Phase 2)
32.5s 63 Recording  : epoch_history (semua kombinasi) + fold_details
32.6s 64 Phase 2A: 12 kombinasi × 5 fold = 60 runs
32.6s 65 BERT fixed: lr_bert=1e-05 | lr_cnn=0.0001 | bs=32 | wd=0.01
32.6s 66 [01] ngram=[1, 2, 3] | filter=128 | dropout=0.3 | act=relu
32.6s 67 [02] ngram=[1, 2, 3] | filter=128 | dropout=0.3 | act=gelu
32.6s 68 [03] ngram=[1, 2, 3] | filter=128 | dropout=0.3 | act=elu
32.6s 69 [04] ngram=[1, 2, 3] | filter=128 | dropout=0.5 | act=relu
32.6s 70 [05] ngram=[1, 2, 3] | filter=128 | dropout=0.5 | act=gelu
32.6s 71 [06] ngram=[1, 2, 3] | filter=128 | dropout=0.5 | act=elu
32.6s 72 [07] ngram=[1, 2, 3] | filter=256 | dropout=0.3 | act=relu
32.6s 73 [08] ngram=[1, 2, 3] | filter=256 | dropout=0.3 | act=gelu
32.6s 74 [09] ngram=[1, 2, 3] | filter=256 | dropout=0.3 | act=elu
32.6s 75 [10] ngram=[1, 2, 3] | filter=256 | dropout=0.5 | act=relu
32.6s 76 [11] ngram=[1, 2, 3] | filter=256 | dropout=0.5 | act=gelu
32.6s 77 [12] ngram=[1, 2, 3] | filter=256 | dropout=0.5 | act=elu
32.7s 78 
32.7s 79 ─────────────────────────────────────────────────────────────────
32.7s 80 [01/12] ng=[1, 2, 3]_f=128_dr=0.3_relu
32.7s 81 ─────────────────────────────────────────────────────────────────
34.0s 82 Warning: You are sending unauthenticated requests to the HF Hub. Please set a HF_TOKEN to enable higher rate limits and faster downloads.
34.0s 83 
34.0s 84 Warning: You are sending unauthenticated requests to the HF Hub. Please set a HF_TOKEN to enable higher rate limits and faster downloads.
581.5s 85 ├─ Fold 1/5 → F1=0.8513 | Acc=0.8561 | best_ep=2
1232.7s 86 ├─ Fold 2/5 → F1=0.8626 | Acc=0.8664 | best_ep=3
1883.1s 87 ├─ Fold 3/5 → F1=0.8522 | Acc=0.8561 | best_ep=3
2426.0s 88 ├─ Fold 4/5 → F1=0.8247 | Acc=0.8315 | best_ep=2
2969.2s 89 ├─ Fold 5/5 → F1=0.8242 | Acc=0.8249 | best_ep=2
2969.2s 90 └─ SELESAI | F1-Macro: 0.8430 ± 0.0157
2969.2s 91 Acc=0.8470 | Prec=0.8452 | Rec=0.8455
2969.2s 92 Waktu: 48.9 menit | Sisa: 8j 58m (11 tersisa)
2969.2s 93 ✔ Progress disimpan
2969.2s 94 
2969.2s 95 ─────────────────────────────────────────────────────────────────
2969.2s 96 [02/12] ng=[1, 2, 3]_f=128_dr=0.3_gelu
2969.2s 97 ─────────────────────────────────────────────────────────────────
3622.4s 98 ├─ Fold 1/5 → F1=0.8578 | Acc=0.8598 | best_ep=3
4166.7s 99 ├─ Fold 2/5 → F1=0.8578 | Acc=0.8598 | best_ep=2
4711.0s 100 ├─ Fold 3/5 → F1=0.8401 | Acc=0.8410 | best_ep=2
5255.5s 101 ├─ Fold 4/5 → F1=0.8283 | Acc=0.8324 | best_ep=2
5799.8s 102 ├─ Fold 5/5 → F1=0.8296 | Acc=0.8315 | best_ep=2
5799.8s 103 └─ SELESAI | F1-Macro: 0.8427 ± 0.0130
5799.8s 104 Acc=0.8449 | Prec=0.8442 | Rec=0.8464
5799.8s 105 Waktu: 47.2 menit | Sisa: 8j 0m (10 tersisa)
5799.8s 106 ✔ Progress disimpan
5799.8s 107 
5799.8s 108 ─────────────────────────────────────────────────────────────────
5799.8s 109 [03/12] ng=[1, 2, 3]_f=128_dr=0.3_elu
5799.8s 110 ─────────────────────────────────────────────────────────────────
6340.2s 111 ├─ Fold 1/5 → F1=0.8436 | Acc=0.8448 | best_ep=2
6881.9s 112 ├─ Fold 2/5 → F1=0.8509 | Acc=0.8542 | best_ep=2
7423.2s 113 ├─ Fold 3/5 → F1=0.8520 | Acc=0.8551 | best_ep=2
8074.5s 114 ├─ Fold 4/5 → F1=0.8312 | Acc=0.8333 | best_ep=3
8615.8s 115 ├─ Fold 5/5 → F1=0.8287 | Acc=0.8333 | best_ep=2
8615.8s 116 └─ SELESAI | F1-Macro: 0.8413 ± 0.0097
8615.8s 117 Acc=0.8441 | Prec=0.8421 | Rec=0.8433
8615.8s 118 Waktu: 46.9 menit | Sisa: 7j 9m (9 tersisa)
8615.8s 119 ✔ Progress disimpan
8615.8s 120 
8615.8s 121 ─────────────────────────────────────────────────────────────────
8615.8s 122 [04/12] ng=[1, 2, 3]_f=128_dr=0.5_relu
8615.8s 123 ─────────────────────────────────────────────────────────────────
9260.5s 124 ├─ Fold 1/5 → F1=0.8511 | Acc=0.8542 | best_ep=3
9797.2s 125 ├─ Fold 2/5 → F1=0.8507 | Acc=0.8532 | best_ep=2
10442.4s 126 ├─ Fold 3/5 → F1=0.8631 | Acc=0.8664 | best_ep=3
10980.7s 127 ├─ Fold 4/5 → F1=0.8288 | Acc=0.8315 | best_ep=2
11518.9s 128 ├─ Fold 5/5 → F1=0.8238 | Acc=0.8286 | best_ep=2
11518.9s 129 └─ SELESAI | F1-Macro: 0.8435 ± 0.0148
11518.9s 130 Acc=0.8468 | Prec=0.8430 | Rec=0.8453
11518.9s 131 Waktu: 48.4 menit | Sisa: 6j 22m (8 tersisa)
11518.9s 132 ✔ Progress disimpan
11518.9s 133 
11518.9s 134 ─────────────────────────────────────────────────────────────────
11518.9s 135 [05/12] ng=[1, 2, 3]_f=128_dr=0.5_gelu
11518.9s 136 ─────────────────────────────────────────────────────────────────
12059.0s 137 ├─ Fold 1/5 → F1=0.8407 | Acc=0.8429 | best_ep=2
12708.6s 138 ├─ Fold 2/5 → F1=0.8535 | Acc=0.8570 | best_ep=3
13357.6s 139 ├─ Fold 3/5 → F1=0.8623 | Acc=0.8645 | best_ep=3
13899.5s 140 ├─ Fold 4/5 → F1=0.8253 | Acc=0.8296 | best_ep=2
14441.1s 141 ├─ Fold 5/5 → F1=0.8247 | Acc=0.8267 | best_ep=2
14441.1s 142 └─ SELESAI | F1-Macro: 0.8413 ± 0.0150
14441.1s 143 Acc=0.8441 | Prec=0.8422 | Rec=0.8446
14441.1s 144 Waktu: 48.7 menit | Sisa: 5j 36m (7 tersisa)
14441.1s 145 ✔ Progress disimpan
14441.1s 146 
14441.1s 147 ─────────────────────────────────────────────────────────────────
14441.1s 148 [06/12] ng=[1, 2, 3]_f=128_dr=0.5_elu
14441.1s 149 ─────────────────────────────────────────────────────────────────
14977.6s 150 ├─ Fold 1/5 → F1=0.8371 | Acc=0.8420 | best_ep=2
15515.7s 151 ├─ Fold 2/5 → F1=0.8473 | Acc=0.8504 | best_ep=2
16159.7s 152 ├─ Fold 3/5 → F1=0.8670 | Acc=0.8730 | best_ep=3
16698.0s 153 ├─ Fold 4/5 → F1=0.8338 | Acc=0.8380 | best_ep=2
17234.4s 154 ├─ Fold 5/5 → F1=0.8344 | Acc=0.8380 | best_ep=2
17234.4s 155 └─ SELESAI | F1-Macro: 0.8439 ± 0.0125
17234.4s 156 Acc=0.8483 | Prec=0.8449 | Rec=0.8456
17234.4s 157 Waktu: 46.6 menit | Sisa: 4j 46m (6 tersisa)
17234.4s 158 ✔ Progress disimpan
17234.4s 159 
17234.4s 160 ─────────────────────────────────────────────────────────────────
17234.4s 161 [07/12] ng=[1, 2, 3]_f=256_dr=0.3_relu
17234.4s 162 ─────────────────────────────────────────────────────────────────
17893.5s 163 ├─ Fold 1/5 → F1=0.8663 | Acc=0.8683 | best_ep=3
18550.5s 164 ├─ Fold 2/5 → F1=0.8622 | Acc=0.8645 | best_ep=3
19101.1s 165 ├─ Fold 3/5 → F1=0.8547 | Acc=0.8570 | best_ep=2
19650.5s 166 ├─ Fold 4/5 → F1=0.8332 | Acc=0.8362 | best_ep=2
20200.1s 167 ├─ Fold 5/5 → F1=0.8411 | Acc=0.8446 | best_ep=2
20200.1s 168 └─ SELESAI | F1-Macro: 0.8515 ± 0.0125
20200.1s 169 Acc=0.8541 | Prec=0.8512 | Rec=0.8552
20200.1s 170 Waktu: 49.4 menit | Sisa: 4j 0m (5 tersisa)
20200.1s 171 ✔ Progress disimpan
20200.1s 172 
20200.1s 173 ─────────────────────────────────────────────────────────────────
20200.1s 174 [08/12] ng=[1, 2, 3]_f=256_dr=0.3_gelu
20200.1s 175 ─────────────────────────────────────────────────────────────────
20750.3s 176 ├─ Fold 1/5 → F1=0.8438 | Acc=0.8457 | best_ep=2
21300.9s 177 ├─ Fold 2/5 → F1=0.8522 | Acc=0.8532 | best_ep=2
21851.1s 178 ├─ Fold 3/5 → F1=0.8568 | Acc=0.8608 | best_ep=2
22511.2s 179 ├─ Fold 4/5 → F1=0.8303 | Acc=0.8333 | best_ep=3
23061.1s 180 ├─ Fold 5/5 → F1=0.8227 | Acc=0.8249 | best_ep=2
23061.1s 181 └─ SELESAI | F1-Macro: 0.8412 ± 0.0129
23061.1s 182 Acc=0.8436 | Prec=0.8423 | Rec=0.8447
23061.1s 183 Waktu: 47.7 menit | Sisa: 3j 11m (4 tersisa)
23061.1s 184 ✔ Progress disimpan
23061.1s 185 
23061.1s 186 ─────────────────────────────────────────────────────────────────
23061.1s 187 [09/12] ng=[1, 2, 3]_f=256_dr=0.3_elu
23061.1s 188 ─────────────────────────────────────────────────────────────────
23610.4s 189 ├─ Fold 1/5 → F1=0.8460 | Acc=0.8467 | best_ep=2
24269.2s 190 ├─ Fold 2/5 → F1=0.8528 | Acc=0.8570 | best_ep=3
24926.5s 191 ├─ Fold 3/5 → F1=0.8540 | Acc=0.8579 | best_ep=3
25474.9s 192 ├─ Fold 4/5 → F1=0.8347 | Acc=0.8362 | best_ep=2
26023.7s 193 ├─ Fold 5/5 → F1=0.8258 | Acc=0.8296 | best_ep=2
26023.7s 194 └─ SELESAI | F1-Macro: 0.8427 ± 0.0109
26023.7s 195 Acc=0.8455 | Prec=0.8442 | Rec=0.8472
26023.7s 196 Waktu: 49.4 menit | Sisa: 2j 24m (3 tersisa)
26023.7s 197 ✔ Progress disimpan
26023.7s 198 
26023.7s 199 ─────────────────────────────────────────────────────────────────
26023.7s 200 [10/12] ng=[1, 2, 3]_f=256_dr=0.5_relu
26023.7s 201 ─────────────────────────────────────────────────────────────────
26679.7s 202 ├─ Fold 1/5 → F1=0.8518 | Acc=0.8561 | best_ep=3
27334.2s 203 ├─ Fold 2/5 → F1=0.8517 | Acc=0.8542 | best_ep=3
27880.4s 204 ├─ Fold 3/5 → F1=0.8577 | Acc=0.8627 | best_ep=2
28427.0s 205 ├─ Fold 4/5 → F1=0.8294 | Acc=0.8315 | best_ep=2
28972.7s 206 ├─ Fold 5/5 → F1=0.8328 | Acc=0.8362 | best_ep=2
28972.7s 207 └─ SELESAI | F1-Macro: 0.8447 ± 0.0113
28972.7s 208 Acc=0.8481 | Prec=0.8447 | Rec=0.8468
28972.7s 209 Waktu: 49.1 menit | Sisa: 1j 36m (2 tersisa)
28972.7s 210 ✔ Progress disimpan
28972.7s 211 
28972.7s 212 ─────────────────────────────────────────────────────────────────
28972.7s 213 [11/12] ng=[1, 2, 3]_f=256_dr=0.5_gelu
28972.7s 214 ─────────────────────────────────────────────────────────────────
29520.6s 215 ├─ Fold 1/5 → F1=0.8464 | Acc=0.8476 | best_ep=2
30067.7s 216 ├─ Fold 2/5 → F1=0.8520 | Acc=0.8532 | best_ep=2
30724.4s 217 ├─ Fold 3/5 → F1=0.8584 | Acc=0.8608 | best_ep=3
31272.2s 218 ├─ Fold 4/5 → F1=0.8406 | Acc=0.8437 | best_ep=2
31821.2s 219 ├─ Fold 5/5 → F1=0.8248 | Acc=0.8296 | best_ep=2
31821.2s 220 └─ SELESAI | F1-Macro: 0.8444 ± 0.0115
31821.2s 221 Acc=0.8470 | Prec=0.8457 | Rec=0.8479
31821.2s 222 Waktu: 47.5 menit | Sisa: 0j 48m (1 tersisa)
31821.2s 223 ✔ Progress disimpan
31821.2s 224 
31821.2s 225 ─────────────────────────────────────────────────────────────────
31821.2s 226 [12/12] ng=[1, 2, 3]_f=256_dr=0.5_elu
31821.2s 227 ─────────────────────────────────────────────────────────────────
32368.1s 228 ├─ Fold 1/5 → F1=0.8432 | Acc=0.8476 | best_ep=2
32914.8s 229 ├─ Fold 2/5 → F1=0.8425 | Acc=0.8438 | best_ep=2
33460.9s 230 ├─ Fold 3/5 → F1=0.8608 | Acc=0.8645 | best_ep=2
33897.5s 231 ├─ Fold 4/5 → F1=0.8151 | Acc=0.8183 | best_ep=1
34552.3s 232 ├─ Fold 5/5 → F1=0.8276 | Acc=0.8296 | best_ep=3
34552.3s 233 └─ SELESAI | F1-Macro: 0.8378 ± 0.0155
34552.3s 234 Acc=0.8408 | Prec=0.8383 | Rec=0.8416
34552.3s 235 Waktu: 45.5 menit | Sisa: 0j 0m (0 tersisa)
34552.3s 236 ✔ Progress disimpan
34552.3s 237 
34552.3s 238 =================================================================
34552.3s 239 PHASE 2A SELESAI — 9.6 jam
34552.3s 240 =================================================================
34552.3s 241 combo_id     ngram  filter_size  dropout activation  f1_macro  f1_macro_std  accuracy
34552.3s 242 7 [1, 2, 3]          256      0.3       relu    0.8515        0.0125    0.8541
34552.3s 243 10 [1, 2, 3]          256      0.5       relu    0.8447        0.0113    0.8481
34552.3s 244 11 [1, 2, 3]          256      0.5       gelu    0.8444        0.0115    0.8470
34552.3s 245 6 [1, 2, 3]          128      0.5        elu    0.8439        0.0125    0.8483
34552.3s 246 4 [1, 2, 3]          128      0.5       relu    0.8435        0.0148    0.8468
34552.3s 247 1 [1, 2, 3]          128      0.3       relu    0.8430        0.0157    0.8470
34552.3s 248 9 [1, 2, 3]          256      0.3        elu    0.8427        0.0109    0.8455
34552.3s 249 2 [1, 2, 3]          128      0.3       gelu    0.8427        0.0130    0.8449
34552.3s 250 3 [1, 2, 3]          128      0.3        elu    0.8413        0.0097    0.8441
34552.3s 251 5 [1, 2, 3]          128      0.5       gelu    0.8413        0.0150    0.8441
34552.3s 252 8 [1, 2, 3]          256      0.3       gelu    0.8412        0.0129    0.8436
34552.3s 253 12 [1, 2, 3]          256      0.5        elu    0.8378        0.0155    0.8408
34552.3s 254 
34552.3s 255 Terbaik 2A: filter=256 | dropout=0.3 | act=relu
34552.3s 256 
34552.3s 257 Lanjut ke Phase 2B di sesi berikutnya.
34559.0s 258 /usr/local/lib/python3.12/dist-packages/mistune.py:435: SyntaxWarning: invalid escape sequence '\|'
34559.0s 259 cells[i][c] = re.sub('\\\\\|', '|', cell)
34559.1s 260 /usr/local/lib/python3.12/dist-packages/nbconvert/filters/filter_links.py:36: SyntaxWarning: invalid escape sequence '\_'
34559.1s 261 text = re.sub(r'_', '\_', text) # Escape underscores in display text
34559.7s 262 [NbConvertApp] Converting notebook __notebook__.ipynb to notebook
34560.4s 263 [NbConvertApp] Writing 1601147 bytes to __notebook__.ipynb
34562.8s 264 [NbConvertApp] Converting notebook __notebook__.ipynb to html
34563.9s 265 [NbConvertApp] Writing 1712857 bytes to __results__.html